INFO:root:Starting the logger.
INFO:root:##########1 out of 3 datasets: feynman_III_10_19##########
INFO:root:Feature shape: (100000, 4), target shape: (100000,)
INFO:root:###1 out of 1 Hyperparameter combinations ###
INFO:root:Training parameters: {'model': 'ParFamTorch', 'maxiter1': 20, 'maxiter2': 0, 'target_noise': 0.0, 'feature_noise': 0.0, 'optimizer': 'bfgs', 'pruning_iterations': 1, 'pruning_cut_off': 0.01, 'classifier': None, 'local_minimizer': 'BFGS', 'maxiter_per_dim_local_minimizer': 50, 'max_dataset_length': 500, 'lambda_1': 0.01, 'repetitions': 1, 'parallel': False, 'n_processes': 4, 'lambda_1_cut': 0, 'lambda_1_piecewise': 0, 'device': 'cpu', 'accuracy': 0.0001, 'time_limit': 1000, 'evaluations_limit': 100000, 'iterative_finetuning': True, 'max_n_active_parameters': 10, 'lambda_1_finetuning': 0.01, 'seed': 1}
INFO:root:Sequential computation
INFO:root:Number of evaluations: 3050
INFO:root:Training parameters: {'model': 'ParFamTorch', 'maxiter1': 20, 'maxiter2': 0, 'target_noise': 0.0, 'feature_noise': 0.0, 'optimizer': 'bfgs', 'pruning_iterations': 1, 'pruning_cut_off': 0.01, 'classifier': None, 'local_minimizer': 'BFGS', 'maxiter_per_dim_local_minimizer': 50, 'max_dataset_length': 500, 'lambda_1': 0.01, 'repetitions': 1, 'parallel': False, 'n_processes': 4, 'lambda_1_cut': 0, 'lambda_1_piecewise': 0, 'device': 'cpu', 'accuracy': 0.0001, 'time_limit': 1000, 'evaluations_limit': 100000, 'iterative_finetuning': True, 'max_n_active_parameters': 10, 'lambda_1_finetuning': 0.01, 'seed': 1}
INFO:root:Model parameters: {'degree_input_polynomials': 0, 'degree_output_polynomials': 2, 'functions': [], 'function_names': [], 'width': 1, 'degree_input_denominator': 0, 'degree_output_denominator': 0, 'degree_output_polynomials_specific': None, 'degree_output_polynomials_denominator_specific': None, 'enforce_function': False, 'maximal_potence': 3}
INFO:root:Relative l2 distance train: 0.03953075829791751
INFO:root:Relative l2 distance validation: 0.037685389390164054
INFO:root:Training time: 5.706172704696655
INFO:root:Cumulative training time: 5.773148775100708
INFO:root:Cumulative number of evaluations: 3050
INFO:root:New best relative l2 distance validation: 0.037685389390164054
INFO:root:Number of evaluations: 2996
INFO:root:Training parameters: {'model': 'ParFamTorch', 'maxiter1': 20, 'maxiter2': 0, 'target_noise': 0.0, 'feature_noise': 0.0, 'optimizer': 'bfgs', 'pruning_iterations': 1, 'pruning_cut_off': 0.01, 'classifier': None, 'local_minimizer': 'BFGS', 'maxiter_per_dim_local_minimizer': 50, 'max_dataset_length': 500, 'lambda_1': 0.01, 'repetitions': 1, 'parallel': False, 'n_processes': 4, 'lambda_1_cut': 0, 'lambda_1_piecewise': 0, 'device': 'cpu', 'accuracy': 0.0001, 'time_limit': 1000, 'evaluations_limit': 100000, 'iterative_finetuning': True, 'max_n_active_parameters': 10, 'lambda_1_finetuning': 0.01, 'seed': 1}
INFO:root:Model parameters: {'degree_input_polynomials': 1, 'degree_output_polynomials': 1, 'functions': ['sqrt'], 'function_names': ['sqrt'], 'width': 1, 'degree_input_denominator': 0, 'degree_output_denominator': 0, 'degree_output_polynomials_specific': [1], 'degree_output_polynomials_denominator_specific': [1], 'enforce_function': False, 'maximal_potence': 3}
INFO:root:Relative l2 distance train: 0.4391703395845034
INFO:root:Relative l2 distance validation: 0.4441327453762589
INFO:root:Training time: 1.8012011051177979
INFO:root:Cumulative training time: 7.711723327636719
INFO:root:Cumulative number of evaluations: 6046
INFO:root:Number of evaluations: 2083
INFO:root:Training parameters: {'model': 'ParFamTorch', 'maxiter1': 20, 'maxiter2': 0, 'target_noise': 0.0, 'feature_noise': 0.0, 'optimizer': 'bfgs', 'pruning_iterations': 1, 'pruning_cut_off': 0.01, 'classifier': None, 'local_minimizer': 'BFGS', 'maxiter_per_dim_local_minimizer': 50, 'max_dataset_length': 500, 'lambda_1': 0.01, 'repetitions': 1, 'parallel': False, 'n_processes': 4, 'lambda_1_cut': 0, 'lambda_1_piecewise': 0, 'device': 'cpu', 'accuracy': 0.0001, 'time_limit': 1000, 'evaluations_limit': 100000, 'iterative_finetuning': True, 'max_n_active_parameters': 10, 'lambda_1_finetuning': 0.01, 'seed': 1}
INFO:root:Model parameters: {'degree_input_polynomials': 1, 'degree_output_polynomials': 1, 'functions': ['sqrt'], 'function_names': ['sqrt'], 'width': 1, 'degree_input_denominator': 0, 'degree_output_denominator': 0, 'degree_output_polynomials_specific': [1], 'degree_output_polynomials_denominator_specific': [1], 'enforce_function': True, 'maximal_potence': 3}
INFO:root:Relative l2 distance train: 0.3957909612601989
INFO:root:Relative l2 distance validation: 0.3902272377116859
INFO:root:Training time: 3.239499092102051
INFO:root:Cumulative training time: 11.106103658676147
INFO:root:Cumulative number of evaluations: 8129
