INFO:root:Starting the logger.
INFO:root:Using cpu.
INFO:root:############### Starting experiment with config file debug.ini ###############
INFO:root:######## Starting with training set size 100 out of [100, 1000] now. ########
INFO:root:Creating the dataset took 0.569s.
INFO:root:###### Starting with 50 hidden neurons out of [50] now. ######
INFO:root:#### Starting with 5 batches out of [5] now. ####
INFO:root:Batch size: 20
INFO:root:[  100] Training loss: 0.54485842, Validation loss: 0.51818591
INFO:root:[  200] Training loss: 0.44241527, Validation loss: 0.46001548
INFO:root:[  300] Training loss: 0.36556233, Validation loss: 0.47185212
INFO:root:[  400] Training loss: 0.30518377, Validation loss: 0.50052452
INFO:root:[  500] Training loss: 0.25486865, Validation loss: 0.51870143
INFO:root:[  600] Training loss: 0.21445457, Validation loss: 0.53722757
INFO:root:[  700] Training loss: 0.18155505, Validation loss: 0.55441517
INFO:root:[  800] Training loss: 0.15537229, Validation loss: 0.61756653
INFO:root:[  900] Training loss: 0.13318070, Validation loss: 0.66122389
INFO:root:[ 1000] Training loss: 0.11430361, Validation loss: 0.71952200
INFO:root:Training the model took 2.729s.
INFO:root:Precision score (training data): 0.95208
INFO:root:Recall score (training data): 0.94617
INFO:root:F1 score (training data): 0.94912
INFO:root:Precision score (test data): 0.64809
INFO:root:Recall score (test data): 0.59032
INFO:root:F1 score (test data): 0.61786
INFO:root:Covering score (training data) (quantile cutoff): 0.64
INFO:root:Complete cover size (training data) (quantile cutoff): 0.38100961538461536
INFO:root:Covering score (test data) (quantile cutoff): 0.1437
INFO:root:Complete cover size (test data) (quantile cutoff): 0.3281944221401424
INFO:root:Covering score (training data) (0.5 cutoff): 0.86
INFO:root:Complete cover size (training data) (0.5 cutoff): 0.3819320214669052
INFO:root:Covering score (test data) (0.5 cutoff): 0.2043
INFO:root:Complete cover size (test data) (0.5 cutoff): 0.3457208479234911
INFO:root:MSE (test data): 0.21661
INFO:root:BCE (test data): 2.473
INFO:root:######## Starting with training set size 1000 out of [100, 1000] now. ########
INFO:root:Creating the dataset took 0.647s.
INFO:root:###### Starting with 50 hidden neurons out of [50] now. ######
INFO:root:#### Starting with 5 batches out of [5] now. ####
INFO:root:Batch size: 200
INFO:root:[  100] Training loss: 0.55510337, Validation loss: 0.62925786
INFO:root:[  200] Training loss: 0.49043127, Validation loss: 0.57163256
INFO:root:[  300] Training loss: 0.44558048, Validation loss: 0.53135240
INFO:root:[  400] Training loss: 0.41063308, Validation loss: 0.50218260
INFO:root:[  500] Training loss: 0.38399180, Validation loss: 0.47801539
INFO:root:[  600] Training loss: 0.36324242, Validation loss: 0.45854914
INFO:root:[  700] Training loss: 0.34644531, Validation loss: 0.44264024
INFO:root:[  800] Training loss: 0.33213447, Validation loss: 0.43705821
INFO:root:[  900] Training loss: 0.31960721, Validation loss: 0.43216965
INFO:root:[ 1000] Training loss: 0.30805461, Validation loss: 0.43167976
INFO:root:Training the model took 2.858s.
INFO:root:Precision score (training data): 0.82803
INFO:root:Recall score (training data): 0.81995
INFO:root:F1 score (training data): 0.82397
INFO:root:Precision score (test data): 0.70537
INFO:root:Recall score (test data): 0.6828
INFO:root:F1 score (test data): 0.69391
INFO:root:Covering score (training data) (quantile cutoff): 0.318
INFO:root:Complete cover size (training data) (quantile cutoff): 0.3734881470730527
INFO:root:Covering score (test data) (quantile cutoff): 0.1615
INFO:root:Complete cover size (test data) (quantile cutoff): 0.356799237913789
INFO:root:Covering score (training data) (0.5 cutoff): 0.507
INFO:root:Complete cover size (training data) (0.5 cutoff): 0.3962979820967987
INFO:root:Covering score (test data) (0.5 cutoff): 0.2747
INFO:root:Complete cover size (test data) (0.5 cutoff): 0.3821791604827644
INFO:root:MSE (test data): 0.16249
INFO:root:BCE (test data): 0.57074
