INFO:root:Starting the logger.
INFO:root:Using cpu.
INFO:root:############### Starting experiment with config file train_local.ini ###############
INFO:root:######## Starting with training set size 100000 out of [100000] now. ########
INFO:root:Creating the dataset took 6.203s.
INFO:root:###### Starting with 100 hidden neurons out of [100, 200] now. ######
INFO:root:#### Starting with 100 batches out of [100] now. ####
INFO:root:Batch size: 1000
INFO:root:[  100] Training loss: 0.44749728, Validation loss: 0.45526162
INFO:root:[  200] Training loss: 0.40843895, Validation loss: 0.42510107
INFO:root:[  300] Training loss: 0.38523750, Validation loss: 0.40483284
INFO:root:[  400] Training loss: 0.36890663, Validation loss: 0.39187017
INFO:root:[  500] Training loss: 0.35772592, Validation loss: 0.38361382
INFO:root:[  600] Training loss: 0.34878010, Validation loss: 0.37753999
INFO:root:[  700] Training loss: 0.34156678, Validation loss: 0.37508452
INFO:root:[  800] Training loss: 0.33597999, Validation loss: 0.37293682
INFO:root:[  900] Training loss: 0.33073931, Validation loss: 0.36748192
INFO:root:[ 1000] Training loss: 0.32714585, Validation loss: 0.36662266
INFO:root:[ 1100] Training loss: 0.32370484, Validation loss: 0.36455056
INFO:root:[ 1200] Training loss: 0.32021778, Validation loss: 0.36453441
INFO:root:[ 1300] Training loss: 0.31758279, Validation loss: 0.36612359
INFO:root:[ 1400] Training loss: 0.31464704, Validation loss: 0.36205912
INFO:root:[ 1500] Training loss: 0.31160336, Validation loss: 0.36205158
INFO:root:[ 1600] Training loss: 0.30960378, Validation loss: 0.36227620
INFO:root:[ 1700] Training loss: 0.30783787, Validation loss: 0.36046883
INFO:root:[ 1800] Training loss: 0.30544731, Validation loss: 0.36067227
INFO:root:[ 1900] Training loss: 0.30307428, Validation loss: 0.36652458
INFO:root:[ 2000] Training loss: 0.30192022, Validation loss: 0.36146727
INFO:root:Training the model took 557.343s.
INFO:root:Precision score (training data): 0.8794
INFO:root:Recall score (training data): 0.84069
INFO:root:F1 score (training data): 0.85961
INFO:root:Precision score (test data): 0.85768
INFO:root:Recall score (test data): 0.82216
INFO:root:F1 score (test data): 0.83955
INFO:root:Covering score (training data) (quantile cutoff): 0.19849
INFO:root:Complete cover size (training data) (quantile cutoff): 0.29145961097192896
INFO:root:Covering score (test data) (quantile cutoff): 0.195
INFO:root:Complete cover size (test data) (quantile cutoff): 0.28382284382284384
INFO:root:Covering score (training data) (0.5 cutoff): 0.4777
INFO:root:Complete cover size (training data) (0.5 cutoff): 0.4513882809675148
INFO:root:Covering score (test data) (0.5 cutoff): 0.4464
INFO:root:Complete cover size (test data) (0.5 cutoff): 0.44369094167481266
INFO:root:MSE (test data): 0.10752
INFO:root:BCE (test data): 0.35135
INFO:root:###### Starting with 200 hidden neurons out of [100, 200] now. ######
INFO:root:#### Starting with 100 batches out of [100] now. ####
INFO:root:Batch size: 1000
INFO:root:[  100] Training loss: 0.41154124, Validation loss: 0.42487046
INFO:root:[  200] Training loss: 0.36688419, Validation loss: 0.39585632
INFO:root:[  300] Training loss: 0.34115973, Validation loss: 0.38470352
INFO:root:[  400] Training loss: 0.32387155, Validation loss: 0.37501878
INFO:root:[  500] Training loss: 0.31191938, Validation loss: 0.37073416
INFO:root:[  600] Training loss: 0.30241691, Validation loss: 0.37180987
INFO:root:[  700] Training loss: 0.29461876, Validation loss: 0.36896726
INFO:root:[  800] Training loss: 0.28796672, Validation loss: 0.37098166
INFO:root:[  900] Training loss: 0.28280165, Validation loss: 0.37226614
INFO:root:[ 1000] Training loss: 0.27798253, Validation loss: 0.37691769
INFO:root:[ 1100] Training loss: 0.27367349, Validation loss: 0.37923416
INFO:root:[ 1200] Training loss: 0.26979132, Validation loss: 0.38369310
INFO:root:[ 1300] Training loss: 0.26607575, Validation loss: 0.38438302
INFO:root:[ 1400] Training loss: 0.26284147, Validation loss: 0.38825312
INFO:root:[ 1500] Training loss: 0.26041166, Validation loss: 0.39246777
INFO:root:[ 1600] Training loss: 0.25730870, Validation loss: 0.38964486
INFO:root:[ 1700] Training loss: 0.25565677, Validation loss: 0.39474791
INFO:root:[ 1800] Training loss: 0.25336809, Validation loss: 0.39642209
INFO:root:[ 1900] Training loss: 0.25035086, Validation loss: 0.39949170
INFO:root:[ 2000] Training loss: 0.24897634, Validation loss: 0.40000063
INFO:root:Training the model took 1831.821s.
INFO:root:Precision score (training data): 0.91357
INFO:root:Recall score (training data): 0.87106
INFO:root:F1 score (training data): 0.89181
INFO:root:Precision score (test data): 0.86385
INFO:root:Recall score (test data): 0.82501
INFO:root:F1 score (test data): 0.84399
INFO:root:Covering score (training data) (quantile cutoff): 0.20878
INFO:root:Complete cover size (training data) (quantile cutoff): 0.30149178343449823
INFO:root:Covering score (test data) (quantile cutoff): 0.2006
INFO:root:Complete cover size (test data) (quantile cutoff): 0.29022024834587146
INFO:root:Covering score (training data) (0.5 cutoff): 0.55851
INFO:root:Complete cover size (training data) (0.5 cutoff): 0.453451635113557
INFO:root:Covering score (test data) (0.5 cutoff): 0.4559
INFO:root:Complete cover size (test data) (0.5 cutoff): 0.4292009810763924
INFO:root:MSE (test data): 0.10741
INFO:root:BCE (test data): 0.39527
