INFO:root:Starting the logger.
INFO:root:Using cuda.
INFO:root:############### Starting experiment with config file debug.ini ###############
INFO:root:######## Starting with training set size 100 out of [100, 1000] now. ########
INFO:root:Creating the dataset took 2.619s.
INFO:root:###### Starting with 50 hidden neurons out of [50] now. ######
INFO:root:#### Starting with 5 batches out of [5] now. ####
INFO:root:Batch size: 20
INFO:root:[  100] Training loss: 0.42533269, Validation loss: 0.69197071
INFO:root:[  200] Training loss: 0.33245194, Validation loss: 0.77817982
INFO:root:[  300] Training loss: 0.27351490, Validation loss: 0.84351492
INFO:root:[  400] Training loss: 0.23514095, Validation loss: 0.93590182
INFO:root:[  500] Training loss: 0.20542189, Validation loss: 1.03629017
INFO:root:[  600] Training loss: 0.18142528, Validation loss: 1.15721607
INFO:root:[  700] Training loss: 0.16150018, Validation loss: 1.25962901
INFO:root:[  800] Training loss: 0.14425553, Validation loss: 1.35839415
INFO:root:[  900] Training loss: 0.13148868, Validation loss: 1.45373952
INFO:root:[ 1000] Training loss: 0.11883640, Validation loss: 1.54977298
INFO:root:[ 1100] Training loss: 0.10883292, Validation loss: 1.66502619
INFO:root:[ 1200] Training loss: 0.10065414, Validation loss: 1.80178475
INFO:root:[ 1300] Training loss: 0.09246857, Validation loss: 1.90566695
INFO:root:[ 1400] Training loss: 0.08336013, Validation loss: 2.01773214
INFO:root:[ 1500] Training loss: 0.08165451, Validation loss: 2.22546530
INFO:root:[ 1600] Training loss: 0.07375609, Validation loss: 2.26715350
INFO:root:[ 1700] Training loss: 0.06968093, Validation loss: 2.33443332
INFO:root:[ 1800] Training loss: 0.06563381, Validation loss: 2.41135836
INFO:root:[ 1900] Training loss: 0.06011726, Validation loss: 2.47860622
INFO:root:[ 2000] Training loss: 0.06030821, Validation loss: 2.52525067
INFO:root:Training the model took 14.616s.
INFO:root:Precision score (training data): 0.98276
INFO:root:Recall score (training data): 0.9375
INFO:root:F1 score (training data): 0.9596
INFO:root:Precision score (test data): 0.63573
INFO:root:Recall score (test data): 0.51922
INFO:root:F1 score (test data): 0.5716
INFO:root:Covering score (training data) (quantile cutoff): 1.0
INFO:root:Complete cover size (training data) (quantile cutoff): 0.3
INFO:root:Covering score (test data) (quantile cutoff): 0.3953
INFO:root:Complete cover size (test data) (quantile cutoff): 0.29540855046799896
INFO:root:Covering score (training data) (0.5 cutoff): 0.9
INFO:root:Complete cover size (training data) (0.5 cutoff): 0.25462962962962965
INFO:root:Covering score (test data) (0.5 cutoff): 0.3098
INFO:root:Complete cover size (test data) (0.5 cutoff): 0.18756724768667957
INFO:root:MSE (test data): 0.16996
INFO:root:BCE (test data): 2.29012
INFO:root:######## Starting with training set size 1000 out of [100, 1000] now. ########
INFO:root:Creating the dataset took 0.886s.
INFO:root:###### Starting with 50 hidden neurons out of [50] now. ######
INFO:root:#### Starting with 5 batches out of [5] now. ####
INFO:root:Batch size: 200
INFO:root:[  100] Training loss: 0.49839876, Validation loss: 0.52180278
INFO:root:[  200] Training loss: 0.42917674, Validation loss: 0.50643188
INFO:root:[  300] Training loss: 0.38553742, Validation loss: 0.49899068
INFO:root:[  400] Training loss: 0.35357545, Validation loss: 0.46923381
INFO:root:[  500] Training loss: 0.32888928, Validation loss: 0.45184508
INFO:root:[  600] Training loss: 0.30963643, Validation loss: 0.44254908
INFO:root:[  700] Training loss: 0.29202922, Validation loss: 0.43818888
INFO:root:[  800] Training loss: 0.27826681, Validation loss: 0.43273556
INFO:root:[  900] Training loss: 0.26663861, Validation loss: 0.43987206
INFO:root:[ 1000] Training loss: 0.25626160, Validation loss: 0.44595698
INFO:root:[ 1100] Training loss: 0.24714677, Validation loss: 0.45289105
INFO:root:[ 1200] Training loss: 0.23943865, Validation loss: 0.45855570
INFO:root:[ 1300] Training loss: 0.23165688, Validation loss: 0.47089794
INFO:root:[ 1400] Training loss: 0.22497816, Validation loss: 0.48878622
INFO:root:[ 1500] Training loss: 0.21945308, Validation loss: 0.49352157
INFO:root:[ 1600] Training loss: 0.21340983, Validation loss: 0.49881995
INFO:root:[ 1700] Training loss: 0.20820117, Validation loss: 0.50913668
INFO:root:[ 1800] Training loss: 0.20264756, Validation loss: 0.52172488
INFO:root:[ 1900] Training loss: 0.19896065, Validation loss: 0.53753144
INFO:root:[ 2000] Training loss: 0.19391136, Validation loss: 0.54698735
INFO:root:Training the model took 11.268s.
INFO:root:Precision score (training data): 0.95054
INFO:root:Recall score (training data): 0.76386
INFO:root:F1 score (training data): 0.84704
INFO:root:Precision score (test data): 0.78461
INFO:root:Recall score (test data): 0.60599
INFO:root:F1 score (test data): 0.68383
INFO:root:Covering score (training data) (quantile cutoff): 0.789
INFO:root:Complete cover size (training data) (quantile cutoff): 0.30122517955217576
INFO:root:Covering score (test data) (quantile cutoff): 0.539
INFO:root:Complete cover size (test data) (quantile cutoff): 0.2824366110080396
INFO:root:Covering score (training data) (0.5 cutoff): 0.604
INFO:root:Complete cover size (training data) (0.5 cutoff): 0.2211644591611479
INFO:root:Covering score (test data) (0.5 cutoff): 0.3907
INFO:root:Complete cover size (test data) (0.5 cutoff): 0.18309018001876973
INFO:root:MSE (test data): 0.11357
INFO:root:BCE (test data): 0.53899
