INFO:root:Starting the logger.
INFO:root:##########1 out of 3 datasets: feynman_III_10_19##########
INFO:root:Feature shape: (100000, 4), target shape: (100000,)
INFO:root:###1 out of 1 Hyperparameter combinations ###
INFO:root:Training parameters: {'model': 'ParFamTorch', 'maxiter1': 20, 'maxiter2': 0, 'target_noise': 0.0, 'feature_noise': 0.0, 'optimizer': 'bfgs', 'pruning_iterations': 1, 'pruning_cut_off': 0.01, 'classifier': None, 'local_minimizer': 'BFGS', 'maxiter_per_dim_local_minimizer': 50, 'max_dataset_length': 500, 'lambda_1': 0.01, 'repetitions': 1, 'parallel': False, 'n_processes': 4, 'lambda_1_cut': 0, 'lambda_1_piecewise': 0, 'device': 'cpu', 'accuracy': 0.0001, 'time_limit': 1000, 'evaluations_limit': 100000, 'iterative_finetuning': True, 'max_n_active_parameters': 10, 'lambda_1_finetuning': 0.01, 'seed': 1}
INFO:root:Sequential computation
INFO:root:Number parameters: 15
INFO:root:Number parameters active: 15
INFO:root:Number of evaluations: 3135
INFO:root:Training parameters: {'model': 'ParFamTorch', 'maxiter1': 20, 'maxiter2': 0, 'target_noise': 0.0, 'feature_noise': 0.0, 'optimizer': 'bfgs', 'pruning_iterations': 1, 'pruning_cut_off': 0.01, 'classifier': None, 'local_minimizer': 'BFGS', 'maxiter_per_dim_local_minimizer': 50, 'max_dataset_length': 500, 'lambda_1': 0.01, 'repetitions': 1, 'parallel': False, 'n_processes': 4, 'lambda_1_cut': 0, 'lambda_1_piecewise': 0, 'device': 'cpu', 'accuracy': 0.0001, 'time_limit': 1000, 'evaluations_limit': 100000, 'iterative_finetuning': True, 'max_n_active_parameters': 10, 'lambda_1_finetuning': 0.01, 'seed': 1}
INFO:root:Model parameters: {'degree_input_polynomials': 0, 'degree_output_polynomials': 2, 'functions': [], 'function_names': [], 'width': 1, 'degree_input_denominator': 0, 'degree_output_denominator': 0, 'degree_output_polynomials_specific': None, 'degree_output_polynomials_denominator_specific': None, 'enforce_function': False, 'maximal_potence': 3}
INFO:root:Relative l2 distance train: 0.03953063494466116
INFO:root:Relative l2 distance validation: 0.0376852576730778
INFO:root:Training time: 1.6608397960662842
INFO:root:Cumulative training time: 1.8576436042785645
INFO:root:Cumulative number of evaluations: 3135
INFO:root:New best relative l2 distance validation: 0.0376852576730778
INFO:root:Number parameters: 11
INFO:root:Number parameters active: 11
INFO:root:Number of evaluations: 2958
INFO:root:Training parameters: {'model': 'ParFamTorch', 'maxiter1': 20, 'maxiter2': 0, 'target_noise': 0.0, 'feature_noise': 0.0, 'optimizer': 'bfgs', 'pruning_iterations': 1, 'pruning_cut_off': 0.01, 'classifier': None, 'local_minimizer': 'BFGS', 'maxiter_per_dim_local_minimizer': 50, 'max_dataset_length': 500, 'lambda_1': 0.01, 'repetitions': 1, 'parallel': False, 'n_processes': 4, 'lambda_1_cut': 0, 'lambda_1_piecewise': 0, 'device': 'cpu', 'accuracy': 0.0001, 'time_limit': 1000, 'evaluations_limit': 100000, 'iterative_finetuning': True, 'max_n_active_parameters': 10, 'lambda_1_finetuning': 0.01, 'seed': 1}
INFO:root:Model parameters: {'degree_input_polynomials': 1, 'degree_output_polynomials': 1, 'functions': ['sqrt'], 'function_names': ['sqrt'], 'width': 1, 'degree_input_denominator': 0, 'degree_output_denominator': 0, 'degree_output_polynomials_specific': [1], 'degree_output_polynomials_denominator_specific': [1], 'enforce_function': False, 'maximal_potence': 3}
INFO:root:Relative l2 distance train: 0.4391703504878734
INFO:root:Relative l2 distance validation: 0.4441326490681047
INFO:root:Training time: 2.0438592433929443
INFO:root:Cumulative training time: 3.986872911453247
INFO:root:Cumulative number of evaluations: 6093
INFO:root:Number parameters: 6
INFO:root:Number parameters active: 6
INFO:root:Number of evaluations: 2244
INFO:root:Training parameters: {'model': 'ParFamTorch', 'maxiter1': 20, 'maxiter2': 0, 'target_noise': 0.0, 'feature_noise': 0.0, 'optimizer': 'bfgs', 'pruning_iterations': 1, 'pruning_cut_off': 0.01, 'classifier': None, 'local_minimizer': 'BFGS', 'maxiter_per_dim_local_minimizer': 50, 'max_dataset_length': 500, 'lambda_1': 0.01, 'repetitions': 1, 'parallel': False, 'n_processes': 4, 'lambda_1_cut': 0, 'lambda_1_piecewise': 0, 'device': 'cpu', 'accuracy': 0.0001, 'time_limit': 1000, 'evaluations_limit': 100000, 'iterative_finetuning': True, 'max_n_active_parameters': 10, 'lambda_1_finetuning': 0.01, 'seed': 1}
INFO:root:Model parameters: {'degree_input_polynomials': 1, 'degree_output_polynomials': 1, 'functions': ['sqrt'], 'function_names': ['sqrt'], 'width': 1, 'degree_input_denominator': 0, 'degree_output_denominator': 0, 'degree_output_polynomials_specific': [1], 'degree_output_polynomials_denominator_specific': [1], 'enforce_function': True, 'maximal_potence': 3}
INFO:root:Relative l2 distance train: 0.39265805346312216
INFO:root:Relative l2 distance validation: 0.38568039031755696
INFO:root:Training time: 1.3318617343902588
INFO:root:Cumulative training time: 5.405440092086792
INFO:root:Cumulative number of evaluations: 8337
INFO:root:Number parameters: 21
INFO:root:Number parameters active: 21
INFO:root:Number of evaluations: 3976
INFO:root:Training parameters: {'model': 'ParFamTorch', 'maxiter1': 20, 'maxiter2': 0, 'target_noise': 0.0, 'feature_noise': 0.0, 'optimizer': 'bfgs', 'pruning_iterations': 1, 'pruning_cut_off': 0.01, 'classifier': None, 'local_minimizer': 'BFGS', 'maxiter_per_dim_local_minimizer': 50, 'max_dataset_length': 500, 'lambda_1': 0.01, 'repetitions': 1, 'parallel': False, 'n_processes': 4, 'lambda_1_cut': 0, 'lambda_1_piecewise': 0, 'device': 'cpu', 'accuracy': 0.0001, 'time_limit': 1000, 'evaluations_limit': 100000, 'iterative_finetuning': True, 'max_n_active_parameters': 10, 'lambda_1_finetuning': 0.01, 'seed': 1}
INFO:root:Model parameters: {'degree_input_polynomials': 2, 'degree_output_polynomials': 1, 'functions': ['sqrt'], 'function_names': ['sqrt'], 'width': 1, 'degree_input_denominator': 0, 'degree_output_denominator': 0, 'degree_output_polynomials_specific': [1], 'degree_output_polynomials_denominator_specific': [1], 'enforce_function': False, 'maximal_potence': 3}
INFO:root:Relative l2 distance train: 0.1683088972464191
INFO:root:Relative l2 distance validation: 0.16821672244963454
INFO:root:Training time: 3.537510871887207
INFO:root:Cumulative training time: 9.033700466156006
INFO:root:Cumulative number of evaluations: 12313
INFO:root:Number parameters: 16
INFO:root:Number parameters active: 16
INFO:root:Number of evaluations: 4761
INFO:root:Training parameters: {'model': 'ParFamTorch', 'maxiter1': 20, 'maxiter2': 0, 'target_noise': 0.0, 'feature_noise': 0.0, 'optimizer': 'bfgs', 'pruning_iterations': 1, 'pruning_cut_off': 0.01, 'classifier': None, 'local_minimizer': 'BFGS', 'maxiter_per_dim_local_minimizer': 50, 'max_dataset_length': 500, 'lambda_1': 0.01, 'repetitions': 1, 'parallel': False, 'n_processes': 4, 'lambda_1_cut': 0, 'lambda_1_piecewise': 0, 'device': 'cpu', 'accuracy': 0.0001, 'time_limit': 1000, 'evaluations_limit': 100000, 'iterative_finetuning': True, 'max_n_active_parameters': 10, 'lambda_1_finetuning': 0.01, 'seed': 1}
INFO:root:Model parameters: {'degree_input_polynomials': 2, 'degree_output_polynomials': 1, 'functions': ['sqrt'], 'function_names': ['sqrt'], 'width': 1, 'degree_input_denominator': 0, 'degree_output_denominator': 0, 'degree_output_polynomials_specific': [1], 'degree_output_polynomials_denominator_specific': [1], 'enforce_function': True, 'maximal_potence': 3}
INFO:root:Relative l2 distance train: 0.1642921456125475
INFO:root:Relative l2 distance validation: 0.16351284911730649
INFO:root:Training time: 3.2566604614257812
INFO:root:Cumulative training time: 12.47032880783081
INFO:root:Cumulative number of evaluations: 17074
INFO:root:Number parameters: 25
INFO:root:Number parameters active: 25
INFO:root:Number of evaluations: 4927
INFO:root:Training parameters: {'model': 'ParFamTorch', 'maxiter1': 20, 'maxiter2': 0, 'target_noise': 0.0, 'feature_noise': 0.0, 'optimizer': 'bfgs', 'pruning_iterations': 1, 'pruning_cut_off': 0.01, 'classifier': None, 'local_minimizer': 'BFGS', 'maxiter_per_dim_local_minimizer': 50, 'max_dataset_length': 500, 'lambda_1': 0.01, 'repetitions': 1, 'parallel': False, 'n_processes': 4, 'lambda_1_cut': 0, 'lambda_1_piecewise': 0, 'device': 'cpu', 'accuracy': 0.0001, 'time_limit': 1000, 'evaluations_limit': 100000, 'iterative_finetuning': True, 'max_n_active_parameters': 10, 'lambda_1_finetuning': 0.01, 'seed': 1}
INFO:root:Model parameters: {'degree_input_polynomials': 1, 'degree_output_polynomials': 2, 'functions': ['sqrt'], 'function_names': ['sqrt'], 'width': 1, 'degree_input_denominator': 0, 'degree_output_denominator': 0, 'degree_output_polynomials_specific': [1], 'degree_output_polynomials_denominator_specific': [1], 'enforce_function': False, 'maximal_potence': 3}
INFO:root:Relative l2 distance train: 0.036877385389049895
INFO:root:Relative l2 distance validation: 0.03811421080143375
INFO:root:Training time: 9.594160795211792
INFO:root:Cumulative training time: 22.269840002059937
INFO:root:Cumulative number of evaluations: 22001
INFO:root:Number parameters: 10
INFO:root:Number parameters active: 10
INFO:root:Number of evaluations: 3121
INFO:root:Training parameters: {'model': 'ParFamTorch', 'maxiter1': 20, 'maxiter2': 0, 'target_noise': 0.0, 'feature_noise': 0.0, 'optimizer': 'bfgs', 'pruning_iterations': 1, 'pruning_cut_off': 0.01, 'classifier': None, 'local_minimizer': 'BFGS', 'maxiter_per_dim_local_minimizer': 50, 'max_dataset_length': 500, 'lambda_1': 0.01, 'repetitions': 1, 'parallel': False, 'n_processes': 4, 'lambda_1_cut': 0, 'lambda_1_piecewise': 0, 'device': 'cpu', 'accuracy': 0.0001, 'time_limit': 1000, 'evaluations_limit': 100000, 'iterative_finetuning': True, 'max_n_active_parameters': 10, 'lambda_1_finetuning': 0.01, 'seed': 1}
INFO:root:Model parameters: {'degree_input_polynomials': 1, 'degree_output_polynomials': 2, 'functions': ['sqrt'], 'function_names': ['sqrt'], 'width': 1, 'degree_input_denominator': 0, 'degree_output_denominator': 0, 'degree_output_polynomials_specific': [1], 'degree_output_polynomials_denominator_specific': [1], 'enforce_function': True, 'maximal_potence': 3}
INFO:root:Relative l2 distance train: 0.08114245333467499
INFO:root:Relative l2 distance validation: 0.09060781102490859
INFO:root:Training time: 6.321875095367432
INFO:root:Cumulative training time: 28.748602867126465
INFO:root:Cumulative number of evaluations: 25122
INFO:root:Number parameters: 35
INFO:root:Number parameters active: 35
INFO:root:Number of evaluations: 12071
INFO:root:Training parameters: {'model': 'ParFamTorch', 'maxiter1': 20, 'maxiter2': 0, 'target_noise': 0.0, 'feature_noise': 0.0, 'optimizer': 'bfgs', 'pruning_iterations': 1, 'pruning_cut_off': 0.01, 'classifier': None, 'local_minimizer': 'BFGS', 'maxiter_per_dim_local_minimizer': 50, 'max_dataset_length': 500, 'lambda_1': 0.01, 'repetitions': 1, 'parallel': False, 'n_processes': 4, 'lambda_1_cut': 0, 'lambda_1_piecewise': 0, 'device': 'cpu', 'accuracy': 0.0001, 'time_limit': 1000, 'evaluations_limit': 100000, 'iterative_finetuning': True, 'max_n_active_parameters': 10, 'lambda_1_finetuning': 0.01, 'seed': 1}
INFO:root:Model parameters: {'degree_input_polynomials': 2, 'degree_output_polynomials': 2, 'functions': ['sqrt'], 'function_names': ['sqrt'], 'width': 1, 'degree_input_denominator': 0, 'degree_output_denominator': 0, 'degree_output_polynomials_specific': [1], 'degree_output_polynomials_denominator_specific': [1], 'enforce_function': False, 'maximal_potence': 3}
INFO:root:Relative l2 distance train: 8.78146913127497e-08
INFO:root:Relative l2 distance validation: 9.278911846493434e-08
INFO:root:Training time: 29.211846113204956
INFO:root:Cumulative training time: 58.07749605178833
INFO:root:Cumulative number of evaluations: 37193
INFO:root:New best relative l2 distance validation: 9.278911846493434e-08
INFO:root:Terminate proccess, wanted accuracy 0.0001 and number of active parameters 4 / 10 was reached
INFO:root:Time for multiprocessing in total: 58.08311676979065
INFO:root:Best distance (train, val, test): (tensor(8.7815e-08, dtype=torch.float64), tensor(9.2789e-08, dtype=torch.float64), tensor(9.2190e-08, dtype=torch.float64))
INFO:root:Best formula: 1.813*x0*sqrt(Abs(0.304*x1**2 + 0.304*x2**2 + 0.304*x3**2)) best training time: 29.211846113204956
INFO:root:Target formula: mom*sqrt(Bx**2+By**2+Bz**2)
INFO:root:Estimated formula: 1.813*x0*sqrt(Abs(0.304*x1**2 + 0.304*x2**2 + 0.304*x3**2)), Training time: 58.08311676979065
INFO:root:Relative L2 distance train: 8.78146913127497e-08, validation: 9.278911846493434e-08
INFO:root:R squared validation: 0.9999999999999917
INFO:root:Number of active coefficients: 35
INFO:root:Number of evaluations in total: 37193
INFO:root:##########2 out of 3 datasets: feynman_III_12_43##########
INFO:root:Feature shape: (100000, 2), target shape: (100000,)
INFO:root:###1 out of 1 Hyperparameter combinations ###
INFO:root:Training parameters: {'model': 'ParFamTorch', 'maxiter1': 20, 'maxiter2': 0, 'target_noise': 0.0, 'feature_noise': 0.0, 'optimizer': 'bfgs', 'pruning_iterations': 1, 'pruning_cut_off': 0.01, 'classifier': None, 'local_minimizer': 'BFGS', 'maxiter_per_dim_local_minimizer': 50, 'max_dataset_length': 500, 'lambda_1': 0.01, 'repetitions': 1, 'parallel': False, 'n_processes': 4, 'lambda_1_cut': 0, 'lambda_1_piecewise': 0, 'device': 'cpu', 'accuracy': 0.0001, 'time_limit': 1000, 'evaluations_limit': 100000, 'iterative_finetuning': True, 'max_n_active_parameters': 10, 'lambda_1_finetuning': 0.01, 'seed': 1}
INFO:root:Sequential computation
INFO:root:Number parameters: 6
INFO:root:Number parameters active: 6
INFO:root:Number of evaluations: 5232
INFO:root:Training parameters: {'model': 'ParFamTorch', 'maxiter1': 20, 'maxiter2': 0, 'target_noise': 0.0, 'feature_noise': 0.0, 'optimizer': 'bfgs', 'pruning_iterations': 1, 'pruning_cut_off': 0.01, 'classifier': None, 'local_minimizer': 'BFGS', 'maxiter_per_dim_local_minimizer': 50, 'max_dataset_length': 500, 'lambda_1': 0.01, 'repetitions': 1, 'parallel': False, 'n_processes': 4, 'lambda_1_cut': 0, 'lambda_1_piecewise': 0, 'device': 'cpu', 'accuracy': 0.0001, 'time_limit': 1000, 'evaluations_limit': 100000, 'iterative_finetuning': True, 'max_n_active_parameters': 10, 'lambda_1_finetuning': 0.01, 'seed': 1}
INFO:root:Model parameters: {'degree_input_polynomials': 0, 'degree_output_polynomials': 2, 'functions': [], 'function_names': [], 'width': 1, 'degree_input_denominator': 0, 'degree_output_denominator': 0, 'degree_output_polynomials_specific': None, 'degree_output_polynomials_denominator_specific': None, 'enforce_function': False, 'maximal_potence': 3}
INFO:root:Relative l2 distance train: 8.353925010066595e-08
INFO:root:Relative l2 distance validation: 7.700146237933306e-08
INFO:root:Training time: 3.473606586456299
INFO:root:Cumulative training time: 3.5994200706481934
INFO:root:Cumulative number of evaluations: 5232
INFO:root:New best relative l2 distance validation: 7.700146237933306e-08
INFO:root:Terminate proccess, wanted accuracy 0.0001 and number of active parameters 1 / 10 was reached
INFO:root:Time for multiprocessing in total: 3.6008214950561523
INFO:root:Best distance (train, val, test): (tensor(8.3539e-08, dtype=torch.float64), tensor(7.7001e-08, dtype=torch.float64), tensor(7.7101e-08, dtype=torch.float64))
INFO:root:Best formula: 0.159*x0*x1 best training time: 3.473606586456299
INFO:root:Target formula: n*(h/(2*pi))
INFO:root:Estimated formula: 0.159*x0*x1, Training time: 3.6008214950561523
INFO:root:Relative L2 distance train: 8.353925010066595e-08, validation: 7.700146237933306e-08
INFO:root:R squared validation: 0.9999999999999942
INFO:root:Number of active coefficients: 6
INFO:root:Number of evaluations in total: 5232
INFO:root:##########3 out of 3 datasets: feynman_III_13_18##########
INFO:root:Feature shape: (100000, 4), target shape: (100000,)
INFO:root:###1 out of 1 Hyperparameter combinations ###
INFO:root:Training parameters: {'model': 'ParFamTorch', 'maxiter1': 20, 'maxiter2': 0, 'target_noise': 0.0, 'feature_noise': 0.0, 'optimizer': 'bfgs', 'pruning_iterations': 1, 'pruning_cut_off': 0.01, 'classifier': None, 'local_minimizer': 'BFGS', 'maxiter_per_dim_local_minimizer': 50, 'max_dataset_length': 500, 'lambda_1': 0.01, 'repetitions': 1, 'parallel': False, 'n_processes': 4, 'lambda_1_cut': 0, 'lambda_1_piecewise': 0, 'device': 'cpu', 'accuracy': 0.0001, 'time_limit': 1000, 'evaluations_limit': 100000, 'iterative_finetuning': True, 'max_n_active_parameters': 10, 'lambda_1_finetuning': 0.01, 'seed': 1}
INFO:root:Sequential computation
INFO:root:Number parameters: 15
INFO:root:Number parameters active: 15
INFO:root:Number of evaluations: 2055
INFO:root:Training parameters: {'model': 'ParFamTorch', 'maxiter1': 20, 'maxiter2': 0, 'target_noise': 0.0, 'feature_noise': 0.0, 'optimizer': 'bfgs', 'pruning_iterations': 1, 'pruning_cut_off': 0.01, 'classifier': None, 'local_minimizer': 'BFGS', 'maxiter_per_dim_local_minimizer': 50, 'max_dataset_length': 500, 'lambda_1': 0.01, 'repetitions': 1, 'parallel': False, 'n_processes': 4, 'lambda_1_cut': 0, 'lambda_1_piecewise': 0, 'device': 'cpu', 'accuracy': 0.0001, 'time_limit': 1000, 'evaluations_limit': 100000, 'iterative_finetuning': True, 'max_n_active_parameters': 10, 'lambda_1_finetuning': 0.01, 'seed': 1}
INFO:root:Model parameters: {'degree_input_polynomials': 0, 'degree_output_polynomials': 2, 'functions': [], 'function_names': [], 'width': 1, 'degree_input_denominator': 0, 'degree_output_denominator': 0, 'degree_output_polynomials_specific': None, 'degree_output_polynomials_denominator_specific': None, 'enforce_function': False, 'maximal_potence': 3}
INFO:root:Relative l2 distance train: 0.8835362216311279
INFO:root:Relative l2 distance validation: 0.9237460666942603
INFO:root:Training time: 1.820709466934204
INFO:root:Cumulative training time: 1.9678165912628174
INFO:root:Cumulative number of evaluations: 2055
INFO:root:New best relative l2 distance validation: 0.9237460666942603
INFO:root:Number parameters: 11
INFO:root:Number parameters active: 11
INFO:root:Number of evaluations: 2766
INFO:root:Training parameters: {'model': 'ParFamTorch', 'maxiter1': 20, 'maxiter2': 0, 'target_noise': 0.0, 'feature_noise': 0.0, 'optimizer': 'bfgs', 'pruning_iterations': 1, 'pruning_cut_off': 0.01, 'classifier': None, 'local_minimizer': 'BFGS', 'maxiter_per_dim_local_minimizer': 50, 'max_dataset_length': 500, 'lambda_1': 0.01, 'repetitions': 1, 'parallel': False, 'n_processes': 4, 'lambda_1_cut': 0, 'lambda_1_piecewise': 0, 'device': 'cpu', 'accuracy': 0.0001, 'time_limit': 1000, 'evaluations_limit': 100000, 'iterative_finetuning': True, 'max_n_active_parameters': 10, 'lambda_1_finetuning': 0.01, 'seed': 1}
INFO:root:Model parameters: {'degree_input_polynomials': 1, 'degree_output_polynomials': 1, 'functions': ['sqrt'], 'function_names': ['sqrt'], 'width': 1, 'degree_input_denominator': 0, 'degree_output_denominator': 0, 'degree_output_polynomials_specific': [1], 'degree_output_polynomials_denominator_specific': [1], 'enforce_function': False, 'maximal_potence': 3}
INFO:root:Relative l2 distance train: 1.298667398224873
INFO:root:Relative l2 distance validation: 1.3063407352184149
INFO:root:Training time: 3.1723248958587646
INFO:root:Cumulative training time: 5.24691104888916
INFO:root:Cumulative number of evaluations: 4821
INFO:root:Number parameters: 6
INFO:root:Number parameters active: 6
INFO:root:Number of evaluations: 1710
INFO:root:Training parameters: {'model': 'ParFamTorch', 'maxiter1': 20, 'maxiter2': 0, 'target_noise': 0.0, 'feature_noise': 0.0, 'optimizer': 'bfgs', 'pruning_iterations': 1, 'pruning_cut_off': 0.01, 'classifier': None, 'local_minimizer': 'BFGS', 'maxiter_per_dim_local_minimizer': 50, 'max_dataset_length': 500, 'lambda_1': 0.01, 'repetitions': 1, 'parallel': False, 'n_processes': 4, 'lambda_1_cut': 0, 'lambda_1_piecewise': 0, 'device': 'cpu', 'accuracy': 0.0001, 'time_limit': 1000, 'evaluations_limit': 100000, 'iterative_finetuning': True, 'max_n_active_parameters': 10, 'lambda_1_finetuning': 0.01, 'seed': 1}
INFO:root:Model parameters: {'degree_input_polynomials': 1, 'degree_output_polynomials': 1, 'functions': ['sqrt'], 'function_names': ['sqrt'], 'width': 1, 'degree_input_denominator': 0, 'degree_output_denominator': 0, 'degree_output_polynomials_specific': [1], 'degree_output_polynomials_denominator_specific': [1], 'enforce_function': True, 'maximal_potence': 3}
INFO:root:Relative l2 distance train: 1.3293847996714738
INFO:root:Relative l2 distance validation: 1.31397299370103
INFO:root:Training time: 1.565713882446289
INFO:root:Cumulative training time: 7.049026966094971
INFO:root:Cumulative number of evaluations: 6531
INFO:root:Number parameters: 21
INFO:root:Number parameters active: 21
INFO:root:Number of evaluations: 3361
INFO:root:Training parameters: {'model': 'ParFamTorch', 'maxiter1': 20, 'maxiter2': 0, 'target_noise': 0.0, 'feature_noise': 0.0, 'optimizer': 'bfgs', 'pruning_iterations': 1, 'pruning_cut_off': 0.01, 'classifier': None, 'local_minimizer': 'BFGS', 'maxiter_per_dim_local_minimizer': 50, 'max_dataset_length': 500, 'lambda_1': 0.01, 'repetitions': 1, 'parallel': False, 'n_processes': 4, 'lambda_1_cut': 0, 'lambda_1_piecewise': 0, 'device': 'cpu', 'accuracy': 0.0001, 'time_limit': 1000, 'evaluations_limit': 100000, 'iterative_finetuning': True, 'max_n_active_parameters': 10, 'lambda_1_finetuning': 0.01, 'seed': 1}
INFO:root:Model parameters: {'degree_input_polynomials': 2, 'degree_output_polynomials': 1, 'functions': ['sqrt'], 'function_names': ['sqrt'], 'width': 1, 'degree_input_denominator': 0, 'degree_output_denominator': 0, 'degree_output_polynomials_specific': [1], 'degree_output_polynomials_denominator_specific': [1], 'enforce_function': False, 'maximal_potence': 3}
INFO:root:Relative l2 distance train: 1.293704489718
INFO:root:Relative l2 distance validation: 1.3011142593406997
INFO:root:Training time: 3.8117969036102295
INFO:root:Cumulative training time: 11.008294343948364
INFO:root:Cumulative number of evaluations: 9892
INFO:root:Number parameters: 16
INFO:root:Number parameters active: 16
INFO:root:Number of evaluations: 3433
INFO:root:Training parameters: {'model': 'ParFamTorch', 'maxiter1': 20, 'maxiter2': 0, 'target_noise': 0.0, 'feature_noise': 0.0, 'optimizer': 'bfgs', 'pruning_iterations': 1, 'pruning_cut_off': 0.01, 'classifier': None, 'local_minimizer': 'BFGS', 'maxiter_per_dim_local_minimizer': 50, 'max_dataset_length': 500, 'lambda_1': 0.01, 'repetitions': 1, 'parallel': False, 'n_processes': 4, 'lambda_1_cut': 0, 'lambda_1_piecewise': 0, 'device': 'cpu', 'accuracy': 0.0001, 'time_limit': 1000, 'evaluations_limit': 100000, 'iterative_finetuning': True, 'max_n_active_parameters': 10, 'lambda_1_finetuning': 0.01, 'seed': 1}
INFO:root:Model parameters: {'degree_input_polynomials': 2, 'degree_output_polynomials': 1, 'functions': ['sqrt'], 'function_names': ['sqrt'], 'width': 1, 'degree_input_denominator': 0, 'degree_output_denominator': 0, 'degree_output_polynomials_specific': [1], 'degree_output_polynomials_denominator_specific': [1], 'enforce_function': True, 'maximal_potence': 3}
INFO:root:Relative l2 distance train: 1.3171109845936053
INFO:root:Relative l2 distance validation: 1.3171855353731163
INFO:root:Training time: 6.437169075012207
INFO:root:Cumulative training time: 17.678661108016968
INFO:root:Cumulative number of evaluations: 13325
INFO:root:Number parameters: 25
INFO:root:Number parameters active: 25
INFO:root:Number of evaluations: 3537
INFO:root:Training parameters: {'model': 'ParFamTorch', 'maxiter1': 20, 'maxiter2': 0, 'target_noise': 0.0, 'feature_noise': 0.0, 'optimizer': 'bfgs', 'pruning_iterations': 1, 'pruning_cut_off': 0.01, 'classifier': None, 'local_minimizer': 'BFGS', 'maxiter_per_dim_local_minimizer': 50, 'max_dataset_length': 500, 'lambda_1': 0.01, 'repetitions': 1, 'parallel': False, 'n_processes': 4, 'lambda_1_cut': 0, 'lambda_1_piecewise': 0, 'device': 'cpu', 'accuracy': 0.0001, 'time_limit': 1000, 'evaluations_limit': 100000, 'iterative_finetuning': True, 'max_n_active_parameters': 10, 'lambda_1_finetuning': 0.01, 'seed': 1}
INFO:root:Model parameters: {'degree_input_polynomials': 1, 'degree_output_polynomials': 2, 'functions': ['sqrt'], 'function_names': ['sqrt'], 'width': 1, 'degree_input_denominator': 0, 'degree_output_denominator': 0, 'degree_output_polynomials_specific': [1], 'degree_output_polynomials_denominator_specific': [1], 'enforce_function': False, 'maximal_potence': 3}
INFO:root:Relative l2 distance train: 0.9815479392515045
INFO:root:Relative l2 distance validation: 0.995827343532917
INFO:root:Training time: 12.59178638458252
INFO:root:Cumulative training time: 30.552757501602173
INFO:root:Cumulative number of evaluations: 16862
INFO:root:Number parameters: 10
INFO:root:Number parameters active: 10
INFO:root:Number of evaluations: 1779
INFO:root:Training parameters: {'model': 'ParFamTorch', 'maxiter1': 20, 'maxiter2': 0, 'target_noise': 0.0, 'feature_noise': 0.0, 'optimizer': 'bfgs', 'pruning_iterations': 1, 'pruning_cut_off': 0.01, 'classifier': None, 'local_minimizer': 'BFGS', 'maxiter_per_dim_local_minimizer': 50, 'max_dataset_length': 500, 'lambda_1': 0.01, 'repetitions': 1, 'parallel': False, 'n_processes': 4, 'lambda_1_cut': 0, 'lambda_1_piecewise': 0, 'device': 'cpu', 'accuracy': 0.0001, 'time_limit': 1000, 'evaluations_limit': 100000, 'iterative_finetuning': True, 'max_n_active_parameters': 10, 'lambda_1_finetuning': 0.01, 'seed': 1}
INFO:root:Model parameters: {'degree_input_polynomials': 1, 'degree_output_polynomials': 2, 'functions': ['sqrt'], 'function_names': ['sqrt'], 'width': 1, 'degree_input_denominator': 0, 'degree_output_denominator': 0, 'degree_output_polynomials_specific': [1], 'degree_output_polynomials_denominator_specific': [1], 'enforce_function': True, 'maximal_potence': 3}
INFO:root:Relative l2 distance train: 0.9250985675144461
INFO:root:Relative l2 distance validation: 0.9365896261215458
INFO:root:Training time: 4.05494499206543
INFO:root:Cumulative training time: 34.76982855796814
INFO:root:Cumulative number of evaluations: 18641
INFO:root:Number parameters: 35
INFO:root:Number parameters active: 35
INFO:root:Number of evaluations: 3919
INFO:root:Training parameters: {'model': 'ParFamTorch', 'maxiter1': 20, 'maxiter2': 0, 'target_noise': 0.0, 'feature_noise': 0.0, 'optimizer': 'bfgs', 'pruning_iterations': 1, 'pruning_cut_off': 0.01, 'classifier': None, 'local_minimizer': 'BFGS', 'maxiter_per_dim_local_minimizer': 50, 'max_dataset_length': 500, 'lambda_1': 0.01, 'repetitions': 1, 'parallel': False, 'n_processes': 4, 'lambda_1_cut': 0, 'lambda_1_piecewise': 0, 'device': 'cpu', 'accuracy': 0.0001, 'time_limit': 1000, 'evaluations_limit': 100000, 'iterative_finetuning': True, 'max_n_active_parameters': 10, 'lambda_1_finetuning': 0.01, 'seed': 1}
INFO:root:Model parameters: {'degree_input_polynomials': 2, 'degree_output_polynomials': 2, 'functions': ['sqrt'], 'function_names': ['sqrt'], 'width': 1, 'degree_input_denominator': 0, 'degree_output_denominator': 0, 'degree_output_polynomials_specific': [1], 'degree_output_polynomials_denominator_specific': [1], 'enforce_function': False, 'maximal_potence': 3}
INFO:root:Relative l2 distance train: 0.643031631709602
INFO:root:Relative l2 distance validation: 0.6461563763513307
INFO:root:Training time: 12.4903883934021
INFO:root:Cumulative training time: 47.44335174560547
INFO:root:Cumulative number of evaluations: 22560
INFO:root:New best relative l2 distance validation: 0.6461563763513307
INFO:root:Number parameters: 20
INFO:root:Number parameters active: 20
INFO:root:Number of evaluations: 2765
INFO:root:Training parameters: {'model': 'ParFamTorch', 'maxiter1': 20, 'maxiter2': 0, 'target_noise': 0.0, 'feature_noise': 0.0, 'optimizer': 'bfgs', 'pruning_iterations': 1, 'pruning_cut_off': 0.01, 'classifier': None, 'local_minimizer': 'BFGS', 'maxiter_per_dim_local_minimizer': 50, 'max_dataset_length': 500, 'lambda_1': 0.01, 'repetitions': 1, 'parallel': False, 'n_processes': 4, 'lambda_1_cut': 0, 'lambda_1_piecewise': 0, 'device': 'cpu', 'accuracy': 0.0001, 'time_limit': 1000, 'evaluations_limit': 100000, 'iterative_finetuning': True, 'max_n_active_parameters': 10, 'lambda_1_finetuning': 0.01, 'seed': 1}
INFO:root:Model parameters: {'degree_input_polynomials': 2, 'degree_output_polynomials': 2, 'functions': ['sqrt'], 'function_names': ['sqrt'], 'width': 1, 'degree_input_denominator': 0, 'degree_output_denominator': 0, 'degree_output_polynomials_specific': [1], 'degree_output_polynomials_denominator_specific': [1], 'enforce_function': True, 'maximal_potence': 3}
INFO:root:Relative l2 distance train: 0.6151822291024138
INFO:root:Relative l2 distance validation: 0.6262355211493233
INFO:root:Training time: 5.833793640136719
INFO:root:Cumulative training time: 53.540135622024536
INFO:root:Cumulative number of evaluations: 25325
INFO:root:New best relative l2 distance validation: 0.6262355211493233
INFO:root:Time for multiprocessing in total: 53.545252323150635
INFO:root:Best distance (train, val, test): (tensor(0.6152, dtype=torch.float64), tensor(0.6262, dtype=torch.float64), tensor(0.6102, dtype=torch.float64))
INFO:root:Best formula: 3.346*x0*sqrt(Abs(0.001*x0**2 - 5.016*x0*x1 - 1.834*x0*x2 + 0.039*x0*x3 - 0.047*x0 - 1.054*x1**2 - 0.232*x1*x2 + 0.056*x1*x3 - 0.003*x1 - 0.293*x2**2 + 0.027*x2*x3 + 0.009*x2 + 2.581*x3**2 + 0.009*x3 + 0.002)) + 12.494*x1*sqrt(Abs(0.001*x0**2 - 5.016*x0*x1 - 1.834*x0*x2 + 0.039*x0*x3 - 0.047*x0 - 1.054*x1**2 - 0.232*x1*x2 + 0.056*x1*x3 - 0.003*x1 - 0.293*x2**2 + 0.027*x2*x3 + 0.009*x2 + 2.581*x3**2 + 0.009*x3 + 0.002)) + 7.719*x2*sqrt(Abs(0.001*x0**2 - 5.016*x0*x1 - 1.834*x0*x2 + 0.039*x0*x3 - 0.047*x0 - 1.054*x1**2 - 0.232*x1*x2 + 0.056*x1*x3 - 0.003*x1 - 0.293*x2**2 + 0.027*x2*x3 + 0.009*x2 + 2.581*x3**2 + 0.009*x3 + 0.002)) - 0.019*x3*sqrt(Abs(0.001*x0**2 - 5.016*x0*x1 - 1.834*x0*x2 + 0.039*x0*x3 - 0.047*x0 - 1.054*x1**2 - 0.232*x1*x2 + 0.056*x1*x3 - 0.003*x1 - 0.293*x2**2 + 0.027*x2*x3 + 0.009*x2 + 2.581*x3**2 + 0.009*x3 + 0.002)) + 0.003*sqrt(Abs(0.001*x0**2 - 5.016*x0*x1 - 1.834*x0*x2 + 0.039*x0*x3 - 0.047*x0 - 1.054*x1**2 - 0.232*x1*x2 + 0.056*x1*x3 - 0.003*x1 - 0.293*x2**2 + 0.027*x2*x3 + 0.009*x2 + 2.581*x3**2 + 0.009*x3 + 0.002)) best training time: 5.833793640136719
INFO:root:Target formula: 2*E_n*d**2*k/(h/(2*pi))
INFO:root:Estimated formula: 3.346*x0*sqrt(Abs(0.001*x0**2 - 5.016*x0*x1 - 1.834*x0*x2 + 0.039*x0*x3 - 0.047*x0 - 1.054*x1**2 - 0.232*x1*x2 + 0.056*x1*x3 - 0.003*x1 - 0.293*x2**2 + 0.027*x2*x3 + 0.009*x2 + 2.581*x3**2 + 0.009*x3 + 0.002)) + 12.494*x1*sqrt(Abs(0.001*x0**2 - 5.016*x0*x1 - 1.834*x0*x2 + 0.039*x0*x3 - 0.047*x0 - 1.054*x1**2 - 0.232*x1*x2 + 0.056*x1*x3 - 0.003*x1 - 0.293*x2**2 + 0.027*x2*x3 + 0.009*x2 + 2.581*x3**2 + 0.009*x3 + 0.002)) + 7.719*x2*sqrt(Abs(0.001*x0**2 - 5.016*x0*x1 - 1.834*x0*x2 + 0.039*x0*x3 - 0.047*x0 - 1.054*x1**2 - 0.232*x1*x2 + 0.056*x1*x3 - 0.003*x1 - 0.293*x2**2 + 0.027*x2*x3 + 0.009*x2 + 2.581*x3**2 + 0.009*x3 + 0.002)) - 0.019*x3*sqrt(Abs(0.001*x0**2 - 5.016*x0*x1 - 1.834*x0*x2 + 0.039*x0*x3 - 0.047*x0 - 1.054*x1**2 - 0.232*x1*x2 + 0.056*x1*x3 - 0.003*x1 - 0.293*x2**2 + 0.027*x2*x3 + 0.009*x2 + 2.581*x3**2 + 0.009*x3 + 0.002)) + 0.003*sqrt(Abs(0.001*x0**2 - 5.016*x0*x1 - 1.834*x0*x2 + 0.039*x0*x3 - 0.047*x0 - 1.054*x1**2 - 0.232*x1*x2 + 0.056*x1*x3 - 0.003*x1 - 0.293*x2**2 + 0.027*x2*x3 + 0.009*x2 + 2.581*x3**2 + 0.009*x3 + 0.002)), Training time: 53.545252323150635
INFO:root:Relative L2 distance train: 0.6151822291024138, validation: 0.6262355211493233
INFO:root:R squared validation: 0.6157731734663972
INFO:root:Number of active coefficients: 20
INFO:root:Number of evaluations in total: 25325
INFO:root:Finished the experiment on 20240308_151450
