INFO:root:Starting the logger.
INFO:root:Using cpu.
INFO:root:############### Starting experiment with config file debug.ini ###############
INFO:root:######## Starting with training set size 100 out of [100, 1000] now. ########
INFO:root:Creating the dataset took 0.538s.
INFO:root:###### Starting with 50 hidden neurons out of [50] now. ######
INFO:root:#### Starting with 5 batches out of [5] now. ####
INFO:root:Batch size: 20
INFO:root:[  100] Training loss: 0.55461481, Validation loss: 0.75512743
INFO:root:[  200] Training loss: 0.46934084, Validation loss: 0.76793432
INFO:root:[  300] Training loss: 0.40191174, Validation loss: 0.77874088
INFO:root:[  400] Training loss: 0.34606165, Validation loss: 0.83597070
INFO:root:[  500] Training loss: 0.29775736, Validation loss: 0.87067497
INFO:root:[  600] Training loss: 0.25793057, Validation loss: 0.94886738
INFO:root:[  700] Training loss: 0.22319089, Validation loss: 0.99651492
INFO:root:[  800] Training loss: 0.19470325, Validation loss: 1.05931103
INFO:root:[  900] Training loss: 0.17016122, Validation loss: 1.12249982
INFO:root:[ 1000] Training loss: 0.14884390, Validation loss: 1.24437642
INFO:root:Training the model took 2.601s.
INFO:root:Precision score (training data): 0.96858
INFO:root:Recall score (training data): 0.96501
INFO:root:F1 score (training data): 0.96679
INFO:root:Precision score (test data): 0.63489
INFO:root:Recall score (test data): 0.6024
INFO:root:F1 score (test data): 0.61822
INFO:root:Covering score (training data) (quantile cutoff): 0.25
INFO:root:Complete cover size (training data) (quantile cutoff): 0.5418181818181819
INFO:root:Covering score (test data) (quantile cutoff): 0.0588
INFO:root:Complete cover size (test data) (quantile cutoff): 0.4358379715522573
INFO:root:Covering score (training data) (0.5 cutoff): 0.9
INFO:root:Complete cover size (training data) (0.5 cutoff): 0.5181818181818182
INFO:root:Covering score (test data) (0.5 cutoff): 0.1477
INFO:root:Complete cover size (test data) (0.5 cutoff): 0.5255739521142365
INFO:root:MSE (test data): 0.2712
INFO:root:BCE (test data): 1.3811
INFO:root:######## Starting with training set size 1000 out of [100, 1000] now. ########
INFO:root:Creating the dataset took 0.597s.
INFO:root:###### Starting with 50 hidden neurons out of [50] now. ######
INFO:root:#### Starting with 5 batches out of [5] now. ####
INFO:root:Batch size: 200
INFO:root:[  100] Training loss: 0.61164961, Validation loss: 0.57765263
INFO:root:[  200] Training loss: 0.57117369, Validation loss: 0.55566370
INFO:root:[  300] Training loss: 0.53891807, Validation loss: 0.56003827
INFO:root:[  400] Training loss: 0.51140655, Validation loss: 0.58010882
INFO:root:[  500] Training loss: 0.48754790, Validation loss: 0.59619087
INFO:root:[  600] Training loss: 0.46783254, Validation loss: 0.61269283
INFO:root:[  700] Training loss: 0.45050415, Validation loss: 0.63834649
INFO:root:[  800] Training loss: 0.43444261, Validation loss: 0.66183263
INFO:root:[  900] Training loss: 0.42008141, Validation loss: 0.68229586
INFO:root:[ 1000] Training loss: 0.40709929, Validation loss: 0.70879930
INFO:root:Training the model took 2.76s.
INFO:root:Precision score (training data): 0.85504
INFO:root:Recall score (training data): 0.74508
INFO:root:F1 score (training data): 0.79628
INFO:root:Precision score (test data): 0.72586
INFO:root:Recall score (test data): 0.60359
INFO:root:F1 score (test data): 0.6591
INFO:root:Covering score (training data) (quantile cutoff): 0.21
INFO:root:Complete cover size (training data) (quantile cutoff): 0.43896103896103894
INFO:root:Covering score (test data) (quantile cutoff): 0.1042
INFO:root:Complete cover size (test data) (quantile cutoff): 0.374018495899494
INFO:root:Covering score (training data) (0.5 cutoff): 0.364
INFO:root:Complete cover size (training data) (0.5 cutoff): 0.4772727272727273
INFO:root:Covering score (test data) (0.5 cutoff): 0.1741
INFO:root:Complete cover size (test data) (0.5 cutoff): 0.44164795572032794
INFO:root:MSE (test data): 0.20542
INFO:root:BCE (test data): 0.64583
