INFO:root:Starting the logger.
INFO:root:##########1 out of 3 datasets: feynman_III_10_19##########
INFO:root:Feature shape: (100000, 4), target shape: (100000,)
INFO:root:###1 out of 1 Hyperparameter combinations ###
INFO:root:Training parameters: {'model': 'ParFamTorch', 'maxiter1': 20, 'maxiter2': 0, 'target_noise': 0.0, 'feature_noise': 0.0, 'optimizer': 'bfgs', 'pruning_iterations': 1, 'pruning_cut_off': 0.01, 'classifier': None, 'local_minimizer': 'BFGS', 'maxiter_per_dim_local_minimizer': 50, 'max_dataset_length': 500, 'lambda_1': 0.01, 'repetitions': 1, 'parallel': False, 'n_processes': 4, 'lambda_1_cut': 0, 'lambda_1_piecewise': 0, 'device': 'cpu', 'accuracy': 0.0001, 'time_limit': 1000, 'evaluations_limit': 100000, 'iterative_finetuning': True, 'max_n_active_parameters': 10, 'lambda_1_finetuning': 0.01, 'seed': 1}
INFO:root:Sequential computation
INFO:root:Number parameters: 15
INFO:root:Number parameters active: 15
INFO:root:Number of evaluations: 3107
INFO:root:Training parameters: {'model': 'ParFamTorch', 'maxiter1': 20, 'maxiter2': 0, 'target_noise': 0.0, 'feature_noise': 0.0, 'optimizer': 'bfgs', 'pruning_iterations': 1, 'pruning_cut_off': 0.01, 'classifier': None, 'local_minimizer': 'BFGS', 'maxiter_per_dim_local_minimizer': 50, 'max_dataset_length': 500, 'lambda_1': 0.01, 'repetitions': 1, 'parallel': False, 'n_processes': 4, 'lambda_1_cut': 0, 'lambda_1_piecewise': 0, 'device': 'cpu', 'accuracy': 0.0001, 'time_limit': 1000, 'evaluations_limit': 100000, 'iterative_finetuning': True, 'max_n_active_parameters': 10, 'lambda_1_finetuning': 0.01, 'seed': 1}
INFO:root:Model parameters: {'degree_input_polynomials': 0, 'degree_output_polynomials': 2, 'functions': [], 'function_names': [], 'width': 1, 'degree_input_denominator': 0, 'degree_output_denominator': 0, 'degree_output_polynomials_specific': None, 'degree_output_polynomials_denominator_specific': None, 'enforce_function': False, 'maximal_potence': 3}
INFO:root:Relative l2 distance train: 0.03953063689152986
INFO:root:Relative l2 distance validation: 0.03768525934711565
INFO:root:Training time: 1.4986557960510254
INFO:root:Cumulative training time: 1.587484359741211
INFO:root:Cumulative number of evaluations: 3107
INFO:root:New best relative l2 distance validation: 0.03768525934711565
INFO:root:Number parameters: 11
INFO:root:Number parameters active: 11
INFO:root:Number of evaluations: 2980
INFO:root:Training parameters: {'model': 'ParFamTorch', 'maxiter1': 20, 'maxiter2': 0, 'target_noise': 0.0, 'feature_noise': 0.0, 'optimizer': 'bfgs', 'pruning_iterations': 1, 'pruning_cut_off': 0.01, 'classifier': None, 'local_minimizer': 'BFGS', 'maxiter_per_dim_local_minimizer': 50, 'max_dataset_length': 500, 'lambda_1': 0.01, 'repetitions': 1, 'parallel': False, 'n_processes': 4, 'lambda_1_cut': 0, 'lambda_1_piecewise': 0, 'device': 'cpu', 'accuracy': 0.0001, 'time_limit': 1000, 'evaluations_limit': 100000, 'iterative_finetuning': True, 'max_n_active_parameters': 10, 'lambda_1_finetuning': 0.01, 'seed': 1}
INFO:root:Model parameters: {'degree_input_polynomials': 1, 'degree_output_polynomials': 1, 'functions': ['sqrt'], 'function_names': ['sqrt'], 'width': 1, 'degree_input_denominator': 0, 'degree_output_denominator': 0, 'degree_output_polynomials_specific': [1], 'degree_output_polynomials_denominator_specific': [1], 'enforce_function': False, 'maximal_potence': 3}
INFO:root:Relative l2 distance train: 0.4391800181424089
INFO:root:Relative l2 distance validation: 0.44410225078509574
INFO:root:Training time: 2.029344320297241
INFO:root:Cumulative training time: 3.6992270946502686
INFO:root:Cumulative number of evaluations: 6087
INFO:root:Number parameters: 6
INFO:root:Number parameters active: 6
INFO:root:Number of evaluations: 2070
INFO:root:Training parameters: {'model': 'ParFamTorch', 'maxiter1': 20, 'maxiter2': 0, 'target_noise': 0.0, 'feature_noise': 0.0, 'optimizer': 'bfgs', 'pruning_iterations': 1, 'pruning_cut_off': 0.01, 'classifier': None, 'local_minimizer': 'BFGS', 'maxiter_per_dim_local_minimizer': 50, 'max_dataset_length': 500, 'lambda_1': 0.01, 'repetitions': 1, 'parallel': False, 'n_processes': 4, 'lambda_1_cut': 0, 'lambda_1_piecewise': 0, 'device': 'cpu', 'accuracy': 0.0001, 'time_limit': 1000, 'evaluations_limit': 100000, 'iterative_finetuning': True, 'max_n_active_parameters': 10, 'lambda_1_finetuning': 0.01, 'seed': 1}
INFO:root:Model parameters: {'degree_input_polynomials': 1, 'degree_output_polynomials': 1, 'functions': ['sqrt'], 'function_names': ['sqrt'], 'width': 1, 'degree_input_denominator': 0, 'degree_output_denominator': 0, 'degree_output_polynomials_specific': [1], 'degree_output_polynomials_denominator_specific': [1], 'enforce_function': True, 'maximal_potence': 3}
INFO:root:Relative l2 distance train: 0.3957912133202285
INFO:root:Relative l2 distance validation: 0.3902275682031653
INFO:root:Training time: 1.200211524963379
INFO:root:Cumulative training time: 4.980148553848267
INFO:root:Cumulative number of evaluations: 8157
INFO:root:Number parameters: 21
INFO:root:Number parameters active: 21
INFO:root:Number of evaluations: 4023
INFO:root:Training parameters: {'model': 'ParFamTorch', 'maxiter1': 20, 'maxiter2': 0, 'target_noise': 0.0, 'feature_noise': 0.0, 'optimizer': 'bfgs', 'pruning_iterations': 1, 'pruning_cut_off': 0.01, 'classifier': None, 'local_minimizer': 'BFGS', 'maxiter_per_dim_local_minimizer': 50, 'max_dataset_length': 500, 'lambda_1': 0.01, 'repetitions': 1, 'parallel': False, 'n_processes': 4, 'lambda_1_cut': 0, 'lambda_1_piecewise': 0, 'device': 'cpu', 'accuracy': 0.0001, 'time_limit': 1000, 'evaluations_limit': 100000, 'iterative_finetuning': True, 'max_n_active_parameters': 10, 'lambda_1_finetuning': 0.01, 'seed': 1}
INFO:root:Model parameters: {'degree_input_polynomials': 2, 'degree_output_polynomials': 1, 'functions': ['sqrt'], 'function_names': ['sqrt'], 'width': 1, 'degree_input_denominator': 0, 'degree_output_denominator': 0, 'degree_output_polynomials_specific': [1], 'degree_output_polynomials_denominator_specific': [1], 'enforce_function': False, 'maximal_potence': 3}
INFO:root:Relative l2 distance train: 0.1641514005509639
INFO:root:Relative l2 distance validation: 0.1617553088160983
INFO:root:Training time: 2.8364195823669434
INFO:root:Cumulative training time: 7.900325298309326
INFO:root:Cumulative number of evaluations: 12180
INFO:root:Number parameters: 16
INFO:root:Number parameters active: 16
