INFO:root:Starting the logger.
INFO:root:##########1 out of 3 datasets: feynman_III_10_19##########
INFO:root:Feature shape: (100000, 4), target shape: (100000,)
INFO:root:###1 out of 1 Hyperparameter combinations ###
INFO:root:Training parameters: {'model': 'ParFamTorch', 'maxiter1': 20, 'maxiter2': 0, 'target_noise': 0.0, 'feature_noise': 0.0, 'optimizer': 'bfgs', 'pruning_iterations': 1, 'pruning_cut_off': 0.01, 'classifier': None, 'local_minimizer': 'BFGS', 'maxiter_per_dim_local_minimizer': 50, 'max_dataset_length': 500, 'lambda_1': 0.01, 'repetitions': 1, 'parallel': False, 'n_processes': 4, 'lambda_1_cut': 0, 'lambda_1_piecewise': 0, 'device': 'cpu', 'accuracy': 0.0001, 'time_limit': 1000, 'evaluations_limit': 100000, 'iterative_finetuning': True, 'max_n_active_parameters': 10, 'lambda_1_finetuning': 0.01, 'seed': 1}
INFO:root:Sequential computation
INFO:root:Number parameters: 15
INFO:root:Number parameters active: 15
INFO:root:Number of evaluations: 3246
INFO:root:Training parameters: {'model': 'ParFamTorch', 'maxiter1': 20, 'maxiter2': 0, 'target_noise': 0.0, 'feature_noise': 0.0, 'optimizer': 'bfgs', 'pruning_iterations': 1, 'pruning_cut_off': 0.01, 'classifier': None, 'local_minimizer': 'BFGS', 'maxiter_per_dim_local_minimizer': 50, 'max_dataset_length': 500, 'lambda_1': 0.01, 'repetitions': 1, 'parallel': False, 'n_processes': 4, 'lambda_1_cut': 0, 'lambda_1_piecewise': 0, 'device': 'cpu', 'accuracy': 0.0001, 'time_limit': 1000, 'evaluations_limit': 100000, 'iterative_finetuning': True, 'max_n_active_parameters': 10, 'lambda_1_finetuning': 0.01, 'seed': 1}
INFO:root:Model parameters: {'degree_input_polynomials': 0, 'degree_output_polynomials': 2, 'functions': [], 'function_names': [], 'width': 1, 'degree_input_denominator': 0, 'degree_output_denominator': 0, 'degree_output_polynomials_specific': None, 'degree_output_polynomials_denominator_specific': None, 'enforce_function': False, 'maximal_potence': 3}
INFO:root:Relative l2 distance train: 0.03953060505651185
INFO:root:Relative l2 distance validation: 0.03768521372960221
INFO:root:Training time: 1.2565367221832275
INFO:root:Cumulative training time: 1.3786089420318604
INFO:root:Cumulative number of evaluations: 3246
INFO:root:New best relative l2 distance validation: 0.03768521372960221
INFO:root:Number parameters: 11
INFO:root:Number parameters active: 11
INFO:root:Number of evaluations: 2824
INFO:root:Training parameters: {'model': 'ParFamTorch', 'maxiter1': 20, 'maxiter2': 0, 'target_noise': 0.0, 'feature_noise': 0.0, 'optimizer': 'bfgs', 'pruning_iterations': 1, 'pruning_cut_off': 0.01, 'classifier': None, 'local_minimizer': 'BFGS', 'maxiter_per_dim_local_minimizer': 50, 'max_dataset_length': 500, 'lambda_1': 0.01, 'repetitions': 1, 'parallel': False, 'n_processes': 4, 'lambda_1_cut': 0, 'lambda_1_piecewise': 0, 'device': 'cpu', 'accuracy': 0.0001, 'time_limit': 1000, 'evaluations_limit': 100000, 'iterative_finetuning': True, 'max_n_active_parameters': 10, 'lambda_1_finetuning': 0.01, 'seed': 1}
INFO:root:Model parameters: {'degree_input_polynomials': 1, 'degree_output_polynomials': 1, 'functions': ['sqrt'], 'function_names': ['sqrt'], 'width': 1, 'degree_input_denominator': 0, 'degree_output_denominator': 0, 'degree_output_polynomials_specific': [1], 'degree_output_polynomials_denominator_specific': [1], 'enforce_function': False, 'maximal_potence': 3}
INFO:root:Relative l2 distance train: 0.4391703573925098
INFO:root:Relative l2 distance validation: 0.44413268680075235
INFO:root:Training time: 1.524810791015625
INFO:root:Cumulative training time: 2.9679114818573
INFO:root:Cumulative number of evaluations: 6070
INFO:root:Number parameters: 6
INFO:root:Number parameters active: 6
INFO:root:Number of evaluations: 2377
INFO:root:Training parameters: {'model': 'ParFamTorch', 'maxiter1': 20, 'maxiter2': 0, 'target_noise': 0.0, 'feature_noise': 0.0, 'optimizer': 'bfgs', 'pruning_iterations': 1, 'pruning_cut_off': 0.01, 'classifier': None, 'local_minimizer': 'BFGS', 'maxiter_per_dim_local_minimizer': 50, 'max_dataset_length': 500, 'lambda_1': 0.01, 'repetitions': 1, 'parallel': False, 'n_processes': 4, 'lambda_1_cut': 0, 'lambda_1_piecewise': 0, 'device': 'cpu', 'accuracy': 0.0001, 'time_limit': 1000, 'evaluations_limit': 100000, 'iterative_finetuning': True, 'max_n_active_parameters': 10, 'lambda_1_finetuning': 0.01, 'seed': 1}
INFO:root:Model parameters: {'degree_input_polynomials': 1, 'degree_output_polynomials': 1, 'functions': ['sqrt'], 'function_names': ['sqrt'], 'width': 1, 'degree_input_denominator': 0, 'degree_output_denominator': 0, 'degree_output_polynomials_specific': [1], 'degree_output_polynomials_denominator_specific': [1], 'enforce_function': True, 'maximal_potence': 3}
INFO:root:Relative l2 distance train: 0.39579137433928474
INFO:root:Relative l2 distance validation: 0.39022794582639325
INFO:root:Training time: 1.0559158325195312
INFO:root:Cumulative training time: 4.087986469268799
INFO:root:Cumulative number of evaluations: 8447
INFO:root:Number parameters: 21
INFO:root:Number parameters active: 21
INFO:root:Number of evaluations: 3827
INFO:root:Training parameters: {'model': 'ParFamTorch', 'maxiter1': 20, 'maxiter2': 0, 'target_noise': 0.0, 'feature_noise': 0.0, 'optimizer': 'bfgs', 'pruning_iterations': 1, 'pruning_cut_off': 0.01, 'classifier': None, 'local_minimizer': 'BFGS', 'maxiter_per_dim_local_minimizer': 50, 'max_dataset_length': 500, 'lambda_1': 0.01, 'repetitions': 1, 'parallel': False, 'n_processes': 4, 'lambda_1_cut': 0, 'lambda_1_piecewise': 0, 'device': 'cpu', 'accuracy': 0.0001, 'time_limit': 1000, 'evaluations_limit': 100000, 'iterative_finetuning': True, 'max_n_active_parameters': 10, 'lambda_1_finetuning': 0.01, 'seed': 1}
INFO:root:Model parameters: {'degree_input_polynomials': 2, 'degree_output_polynomials': 1, 'functions': ['sqrt'], 'function_names': ['sqrt'], 'width': 1, 'degree_input_denominator': 0, 'degree_output_denominator': 0, 'degree_output_polynomials_specific': [1], 'degree_output_polynomials_denominator_specific': [1], 'enforce_function': False, 'maximal_potence': 3}
INFO:root:Relative l2 distance train: 0.16156595363227932
INFO:root:Relative l2 distance validation: 0.15918734768423903
INFO:root:Training time: 2.054516553878784
INFO:root:Cumulative training time: 6.264669179916382
INFO:root:Cumulative number of evaluations: 12274
INFO:root:Number parameters: 16
INFO:root:Number parameters active: 16
INFO:root:Number of evaluations: 4855
INFO:root:Training parameters: {'model': 'ParFamTorch', 'maxiter1': 20, 'maxiter2': 0, 'target_noise': 0.0, 'feature_noise': 0.0, 'optimizer': 'bfgs', 'pruning_iterations': 1, 'pruning_cut_off': 0.01, 'classifier': None, 'local_minimizer': 'BFGS', 'maxiter_per_dim_local_minimizer': 50, 'max_dataset_length': 500, 'lambda_1': 0.01, 'repetitions': 1, 'parallel': False, 'n_processes': 4, 'lambda_1_cut': 0, 'lambda_1_piecewise': 0, 'device': 'cpu', 'accuracy': 0.0001, 'time_limit': 1000, 'evaluations_limit': 100000, 'iterative_finetuning': True, 'max_n_active_parameters': 10, 'lambda_1_finetuning': 0.01, 'seed': 1}
INFO:root:Model parameters: {'degree_input_polynomials': 2, 'degree_output_polynomials': 1, 'functions': ['sqrt'], 'function_names': ['sqrt'], 'width': 1, 'degree_input_denominator': 0, 'degree_output_denominator': 0, 'degree_output_polynomials_specific': [1], 'degree_output_polynomials_denominator_specific': [1], 'enforce_function': True, 'maximal_potence': 3}
INFO:root:Relative l2 distance train: 0.16276810980652826
INFO:root:Relative l2 distance validation: 0.16313567561738435
INFO:root:Training time: 2.2632367610931396
INFO:root:Cumulative training time: 8.59419870376587
INFO:root:Cumulative number of evaluations: 17129
INFO:root:Number parameters: 25
INFO:root:Number parameters active: 25
INFO:root:Number of evaluations: 4837
INFO:root:Training parameters: {'model': 'ParFamTorch', 'maxiter1': 20, 'maxiter2': 0, 'target_noise': 0.0, 'feature_noise': 0.0, 'optimizer': 'bfgs', 'pruning_iterations': 1, 'pruning_cut_off': 0.01, 'classifier': None, 'local_minimizer': 'BFGS', 'maxiter_per_dim_local_minimizer': 50, 'max_dataset_length': 500, 'lambda_1': 0.01, 'repetitions': 1, 'parallel': False, 'n_processes': 4, 'lambda_1_cut': 0, 'lambda_1_piecewise': 0, 'device': 'cpu', 'accuracy': 0.0001, 'time_limit': 1000, 'evaluations_limit': 100000, 'iterative_finetuning': True, 'max_n_active_parameters': 10, 'lambda_1_finetuning': 0.01, 'seed': 1}
INFO:root:Model parameters: {'degree_input_polynomials': 1, 'degree_output_polynomials': 2, 'functions': ['sqrt'], 'function_names': ['sqrt'], 'width': 1, 'degree_input_denominator': 0, 'degree_output_denominator': 0, 'degree_output_polynomials_specific': [1], 'degree_output_polynomials_denominator_specific': [1], 'enforce_function': False, 'maximal_potence': 3}
INFO:root:Relative l2 distance train: 0.03687738540206799
INFO:root:Relative l2 distance validation: 0.038114210807730795
INFO:root:Training time: 5.06375789642334
INFO:root:Cumulative training time: 13.727912902832031
INFO:root:Cumulative number of evaluations: 21966
INFO:root:Number parameters: 10
INFO:root:Number parameters active: 10
INFO:root:Number of evaluations: 3063
INFO:root:Training parameters: {'model': 'ParFamTorch', 'maxiter1': 20, 'maxiter2': 0, 'target_noise': 0.0, 'feature_noise': 0.0, 'optimizer': 'bfgs', 'pruning_iterations': 1, 'pruning_cut_off': 0.01, 'classifier': None, 'local_minimizer': 'BFGS', 'maxiter_per_dim_local_minimizer': 50, 'max_dataset_length': 500, 'lambda_1': 0.01, 'repetitions': 1, 'parallel': False, 'n_processes': 4, 'lambda_1_cut': 0, 'lambda_1_piecewise': 0, 'device': 'cpu', 'accuracy': 0.0001, 'time_limit': 1000, 'evaluations_limit': 100000, 'iterative_finetuning': True, 'max_n_active_parameters': 10, 'lambda_1_finetuning': 0.01, 'seed': 1}
INFO:root:Model parameters: {'degree_input_polynomials': 1, 'degree_output_polynomials': 2, 'functions': ['sqrt'], 'function_names': ['sqrt'], 'width': 1, 'degree_input_denominator': 0, 'degree_output_denominator': 0, 'degree_output_polynomials_specific': [1], 'degree_output_polynomials_denominator_specific': [1], 'enforce_function': True, 'maximal_potence': 3}
INFO:root:Relative l2 distance train: 0.08139558955495002
INFO:root:Relative l2 distance validation: 0.0897078158190852
INFO:root:Training time: 2.3558011054992676
INFO:root:Cumulative training time: 16.188239574432373
INFO:root:Cumulative number of evaluations: 25029
INFO:root:Number parameters: 35
INFO:root:Number parameters active: 35
INFO:root:Number of evaluations: 11208
INFO:root:Training parameters: {'model': 'ParFamTorch', 'maxiter1': 20, 'maxiter2': 0, 'target_noise': 0.0, 'feature_noise': 0.0, 'optimizer': 'bfgs', 'pruning_iterations': 1, 'pruning_cut_off': 0.01, 'classifier': None, 'local_minimizer': 'BFGS', 'maxiter_per_dim_local_minimizer': 50, 'max_dataset_length': 500, 'lambda_1': 0.01, 'repetitions': 1, 'parallel': False, 'n_processes': 4, 'lambda_1_cut': 0, 'lambda_1_piecewise': 0, 'device': 'cpu', 'accuracy': 0.0001, 'time_limit': 1000, 'evaluations_limit': 100000, 'iterative_finetuning': True, 'max_n_active_parameters': 10, 'lambda_1_finetuning': 0.01, 'seed': 1}
INFO:root:Model parameters: {'degree_input_polynomials': 2, 'degree_output_polynomials': 2, 'functions': ['sqrt'], 'function_names': ['sqrt'], 'width': 1, 'degree_input_denominator': 0, 'degree_output_denominator': 0, 'degree_output_polynomials_specific': [1], 'degree_output_polynomials_denominator_specific': [1], 'enforce_function': False, 'maximal_potence': 3}
INFO:root:Relative l2 distance train: 8.991141195409129e-08
INFO:root:Relative l2 distance validation: 9.35850585366722e-08
INFO:root:Training time: 12.067910432815552
INFO:root:Cumulative training time: 28.35431432723999
INFO:root:Cumulative number of evaluations: 36237
INFO:root:New best relative l2 distance validation: 9.35850585366722e-08
INFO:root:Terminate proccess, wanted accuracy 0.0001 and number of active parameters 4 / 10 was reached
INFO:root:Time for multiprocessing in total: 28.35861563682556
INFO:root:Finetuning with this cut off would not change anything.
INFO:root:Finetuning with this cut off would not change anything.
INFO:root:Finetuning with this cut off would not change anything.
INFO:root:Finetuning with this cut off would not change anything.
INFO:root:Finetuning with this cut off would not change anything.
INFO:root:Finetuning with this cut off would not change anything.
INFO:root:Finetuning with this cut off would not change anything.
INFO:root:Best distance (train, val, test): (tensor(8.9911e-08, dtype=torch.float64), tensor(9.3585e-08, dtype=torch.float64), tensor(9.3118e-08, dtype=torch.float64))
INFO:root:Best formula: 1.813*x0*sqrt(Abs(0.304*x1**2 + 0.304*x2**2 + 0.304*x3**2)) best training time: 12.067910432815552
INFO:root:Target formula: mom*sqrt(Bx**2+By**2+Bz**2)
INFO:root:Estimated formula: 1.813*x0*sqrt(Abs(0.304*x1**2 + 0.304*x2**2 + 0.304*x3**2)), Training time: 28.35861563682556
INFO:root:Relative L2 distance train: 8.991141195409129e-08, validation: 9.35850585366722e-08
INFO:root:R squared validation: 0.9999999999999915
INFO:root:Number of active coefficients: 35
INFO:root:Number of evaluations in total: 36237
INFO:root:##########2 out of 3 datasets: feynman_III_12_43##########
INFO:root:Feature shape: (100000, 2), target shape: (100000,)
INFO:root:###1 out of 1 Hyperparameter combinations ###
INFO:root:Training parameters: {'model': 'ParFamTorch', 'maxiter1': 20, 'maxiter2': 0, 'target_noise': 0.0, 'feature_noise': 0.0, 'optimizer': 'bfgs', 'pruning_iterations': 1, 'pruning_cut_off': 0.01, 'classifier': None, 'local_minimizer': 'BFGS', 'maxiter_per_dim_local_minimizer': 50, 'max_dataset_length': 500, 'lambda_1': 0.01, 'repetitions': 1, 'parallel': False, 'n_processes': 4, 'lambda_1_cut': 0, 'lambda_1_piecewise': 0, 'device': 'cpu', 'accuracy': 0.0001, 'time_limit': 1000, 'evaluations_limit': 100000, 'iterative_finetuning': True, 'max_n_active_parameters': 10, 'lambda_1_finetuning': 0.01, 'seed': 1}
INFO:root:Sequential computation
INFO:root:Number parameters: 6
INFO:root:Number parameters active: 6
INFO:root:Number of evaluations: 5763
INFO:root:Training parameters: {'model': 'ParFamTorch', 'maxiter1': 20, 'maxiter2': 0, 'target_noise': 0.0, 'feature_noise': 0.0, 'optimizer': 'bfgs', 'pruning_iterations': 1, 'pruning_cut_off': 0.01, 'classifier': None, 'local_minimizer': 'BFGS', 'maxiter_per_dim_local_minimizer': 50, 'max_dataset_length': 500, 'lambda_1': 0.01, 'repetitions': 1, 'parallel': False, 'n_processes': 4, 'lambda_1_cut': 0, 'lambda_1_piecewise': 0, 'device': 'cpu', 'accuracy': 0.0001, 'time_limit': 1000, 'evaluations_limit': 100000, 'iterative_finetuning': True, 'max_n_active_parameters': 10, 'lambda_1_finetuning': 0.01, 'seed': 1}
INFO:root:Model parameters: {'degree_input_polynomials': 0, 'degree_output_polynomials': 2, 'functions': [], 'function_names': [], 'width': 1, 'degree_input_denominator': 0, 'degree_output_denominator': 0, 'degree_output_polynomials_specific': None, 'degree_output_polynomials_denominator_specific': None, 'enforce_function': False, 'maximal_potence': 3}
INFO:root:Relative l2 distance train: 8.353925010933604e-08
INFO:root:Relative l2 distance validation: 7.700146238156888e-08
INFO:root:Training time: 1.8802881240844727
INFO:root:Cumulative training time: 1.9471015930175781
INFO:root:Cumulative number of evaluations: 5763
INFO:root:New best relative l2 distance validation: 7.700146238156888e-08
INFO:root:Terminate proccess, wanted accuracy 0.0001 and number of active parameters 1 / 10 was reached
INFO:root:Time for multiprocessing in total: 1.947896957397461
INFO:root:Finetuning with this cut off would not change anything.
INFO:root:Finetuning with this cut off would not change anything.
INFO:root:Finetuning with this cut off would not change anything.
INFO:root:Finetuning with this cut off would not change anything.
INFO:root:Finetuning with this cut off would not change anything.
INFO:root:Finetuning with this cut off would not change anything.
INFO:root:Finetuning with this cut off would not change anything.
INFO:root:Best distance (train, val, test): (tensor(8.3539e-08, dtype=torch.float64), tensor(7.7001e-08, dtype=torch.float64), tensor(7.7101e-08, dtype=torch.float64))
INFO:root:Best formula: 0.159*x0*x1 best training time: 1.8802881240844727
INFO:root:Target formula: n*(h/(2*pi))
INFO:root:Estimated formula: 0.159*x0*x1, Training time: 1.947896957397461
INFO:root:Relative L2 distance train: 8.353925010933604e-08, validation: 7.700146238156888e-08
INFO:root:R squared validation: 0.9999999999999942
INFO:root:Number of active coefficients: 6
INFO:root:Number of evaluations in total: 5763
INFO:root:##########3 out of 3 datasets: feynman_III_13_18##########
INFO:root:Feature shape: (100000, 4), target shape: (100000,)
INFO:root:###1 out of 1 Hyperparameter combinations ###
INFO:root:Training parameters: {'model': 'ParFamTorch', 'maxiter1': 20, 'maxiter2': 0, 'target_noise': 0.0, 'feature_noise': 0.0, 'optimizer': 'bfgs', 'pruning_iterations': 1, 'pruning_cut_off': 0.01, 'classifier': None, 'local_minimizer': 'BFGS', 'maxiter_per_dim_local_minimizer': 50, 'max_dataset_length': 500, 'lambda_1': 0.01, 'repetitions': 1, 'parallel': False, 'n_processes': 4, 'lambda_1_cut': 0, 'lambda_1_piecewise': 0, 'device': 'cpu', 'accuracy': 0.0001, 'time_limit': 1000, 'evaluations_limit': 100000, 'iterative_finetuning': True, 'max_n_active_parameters': 10, 'lambda_1_finetuning': 0.01, 'seed': 1}
INFO:root:Sequential computation
INFO:root:Number parameters: 15
INFO:root:Number parameters active: 15
INFO:root:Number of evaluations: 2202
INFO:root:Training parameters: {'model': 'ParFamTorch', 'maxiter1': 20, 'maxiter2': 0, 'target_noise': 0.0, 'feature_noise': 0.0, 'optimizer': 'bfgs', 'pruning_iterations': 1, 'pruning_cut_off': 0.01, 'classifier': None, 'local_minimizer': 'BFGS', 'maxiter_per_dim_local_minimizer': 50, 'max_dataset_length': 500, 'lambda_1': 0.01, 'repetitions': 1, 'parallel': False, 'n_processes': 4, 'lambda_1_cut': 0, 'lambda_1_piecewise': 0, 'device': 'cpu', 'accuracy': 0.0001, 'time_limit': 1000, 'evaluations_limit': 100000, 'iterative_finetuning': True, 'max_n_active_parameters': 10, 'lambda_1_finetuning': 0.01, 'seed': 1}
INFO:root:Model parameters: {'degree_input_polynomials': 0, 'degree_output_polynomials': 2, 'functions': [], 'function_names': [], 'width': 1, 'degree_input_denominator': 0, 'degree_output_denominator': 0, 'degree_output_polynomials_specific': None, 'degree_output_polynomials_denominator_specific': None, 'enforce_function': False, 'maximal_potence': 3}
INFO:root:Relative l2 distance train: 0.8835360599611758
INFO:root:Relative l2 distance validation: 0.9237459049619998
INFO:root:Training time: 0.7845127582550049
INFO:root:Cumulative training time: 0.8516147136688232
INFO:root:Cumulative number of evaluations: 2202
INFO:root:New best relative l2 distance validation: 0.9237459049619998
INFO:root:Number parameters: 11
INFO:root:Number parameters active: 11
INFO:root:Number of evaluations: 2928
INFO:root:Training parameters: {'model': 'ParFamTorch', 'maxiter1': 20, 'maxiter2': 0, 'target_noise': 0.0, 'feature_noise': 0.0, 'optimizer': 'bfgs', 'pruning_iterations': 1, 'pruning_cut_off': 0.01, 'classifier': None, 'local_minimizer': 'BFGS', 'maxiter_per_dim_local_minimizer': 50, 'max_dataset_length': 500, 'lambda_1': 0.01, 'repetitions': 1, 'parallel': False, 'n_processes': 4, 'lambda_1_cut': 0, 'lambda_1_piecewise': 0, 'device': 'cpu', 'accuracy': 0.0001, 'time_limit': 1000, 'evaluations_limit': 100000, 'iterative_finetuning': True, 'max_n_active_parameters': 10, 'lambda_1_finetuning': 0.01, 'seed': 1}
INFO:root:Model parameters: {'degree_input_polynomials': 1, 'degree_output_polynomials': 1, 'functions': ['sqrt'], 'function_names': ['sqrt'], 'width': 1, 'degree_input_denominator': 0, 'degree_output_denominator': 0, 'degree_output_polynomials_specific': [1], 'degree_output_polynomials_denominator_specific': [1], 'enforce_function': False, 'maximal_potence': 3}
INFO:root:Relative l2 distance train: 1.2986673982248738
INFO:root:Relative l2 distance validation: 1.3063407352184109
INFO:root:Training time: 1.5271475315093994
INFO:root:Cumulative training time: 2.4432833194732666
INFO:root:Cumulative number of evaluations: 5130
INFO:root:Number parameters: 6
INFO:root:Number parameters active: 6
INFO:root:Number of evaluations: 1706
INFO:root:Training parameters: {'model': 'ParFamTorch', 'maxiter1': 20, 'maxiter2': 0, 'target_noise': 0.0, 'feature_noise': 0.0, 'optimizer': 'bfgs', 'pruning_iterations': 1, 'pruning_cut_off': 0.01, 'classifier': None, 'local_minimizer': 'BFGS', 'maxiter_per_dim_local_minimizer': 50, 'max_dataset_length': 500, 'lambda_1': 0.01, 'repetitions': 1, 'parallel': False, 'n_processes': 4, 'lambda_1_cut': 0, 'lambda_1_piecewise': 0, 'device': 'cpu', 'accuracy': 0.0001, 'time_limit': 1000, 'evaluations_limit': 100000, 'iterative_finetuning': True, 'max_n_active_parameters': 10, 'lambda_1_finetuning': 0.01, 'seed': 1}
INFO:root:Model parameters: {'degree_input_polynomials': 1, 'degree_output_polynomials': 1, 'functions': ['sqrt'], 'function_names': ['sqrt'], 'width': 1, 'degree_input_denominator': 0, 'degree_output_denominator': 0, 'degree_output_polynomials_specific': [1], 'degree_output_polynomials_denominator_specific': [1], 'enforce_function': True, 'maximal_potence': 3}
INFO:root:Relative l2 distance train: 1.3293847996721164
INFO:root:Relative l2 distance validation: 1.3139729937016413
INFO:root:Training time: 0.7246167659759521
INFO:root:Cumulative training time: 3.274517774581909
INFO:root:Cumulative number of evaluations: 6836
INFO:root:Number parameters: 21
INFO:root:Number parameters active: 21
INFO:root:Number of evaluations: 3314
INFO:root:Training parameters: {'model': 'ParFamTorch', 'maxiter1': 20, 'maxiter2': 0, 'target_noise': 0.0, 'feature_noise': 0.0, 'optimizer': 'bfgs', 'pruning_iterations': 1, 'pruning_cut_off': 0.01, 'classifier': None, 'local_minimizer': 'BFGS', 'maxiter_per_dim_local_minimizer': 50, 'max_dataset_length': 500, 'lambda_1': 0.01, 'repetitions': 1, 'parallel': False, 'n_processes': 4, 'lambda_1_cut': 0, 'lambda_1_piecewise': 0, 'device': 'cpu', 'accuracy': 0.0001, 'time_limit': 1000, 'evaluations_limit': 100000, 'iterative_finetuning': True, 'max_n_active_parameters': 10, 'lambda_1_finetuning': 0.01, 'seed': 1}
INFO:root:Model parameters: {'degree_input_polynomials': 2, 'degree_output_polynomials': 1, 'functions': ['sqrt'], 'function_names': ['sqrt'], 'width': 1, 'degree_input_denominator': 0, 'degree_output_denominator': 0, 'degree_output_polynomials_specific': [1], 'degree_output_polynomials_denominator_specific': [1], 'enforce_function': False, 'maximal_potence': 3}
INFO:root:Relative l2 distance train: 1.2937044897180001
INFO:root:Relative l2 distance validation: 1.3011142593406975
INFO:root:Training time: 1.7809193134307861
INFO:root:Cumulative training time: 5.123134136199951
INFO:root:Cumulative number of evaluations: 10150
INFO:root:Number parameters: 16
INFO:root:Number parameters active: 16
INFO:root:Number of evaluations: 3724
INFO:root:Training parameters: {'model': 'ParFamTorch', 'maxiter1': 20, 'maxiter2': 0, 'target_noise': 0.0, 'feature_noise': 0.0, 'optimizer': 'bfgs', 'pruning_iterations': 1, 'pruning_cut_off': 0.01, 'classifier': None, 'local_minimizer': 'BFGS', 'maxiter_per_dim_local_minimizer': 50, 'max_dataset_length': 500, 'lambda_1': 0.01, 'repetitions': 1, 'parallel': False, 'n_processes': 4, 'lambda_1_cut': 0, 'lambda_1_piecewise': 0, 'device': 'cpu', 'accuracy': 0.0001, 'time_limit': 1000, 'evaluations_limit': 100000, 'iterative_finetuning': True, 'max_n_active_parameters': 10, 'lambda_1_finetuning': 0.01, 'seed': 1}
INFO:root:Model parameters: {'degree_input_polynomials': 2, 'degree_output_polynomials': 1, 'functions': ['sqrt'], 'function_names': ['sqrt'], 'width': 1, 'degree_input_denominator': 0, 'degree_output_denominator': 0, 'degree_output_polynomials_specific': [1], 'degree_output_polynomials_denominator_specific': [1], 'enforce_function': True, 'maximal_potence': 3}
INFO:root:Relative l2 distance train: 1.317110984593606
INFO:root:Relative l2 distance validation: 1.317185535373114
INFO:root:Training time: 1.709947109222412
INFO:root:Cumulative training time: 6.899895906448364
INFO:root:Cumulative number of evaluations: 13874
INFO:root:Number parameters: 25
INFO:root:Number parameters active: 25
INFO:root:Number of evaluations: 3513
INFO:root:Training parameters: {'model': 'ParFamTorch', 'maxiter1': 20, 'maxiter2': 0, 'target_noise': 0.0, 'feature_noise': 0.0, 'optimizer': 'bfgs', 'pruning_iterations': 1, 'pruning_cut_off': 0.01, 'classifier': None, 'local_minimizer': 'BFGS', 'maxiter_per_dim_local_minimizer': 50, 'max_dataset_length': 500, 'lambda_1': 0.01, 'repetitions': 1, 'parallel': False, 'n_processes': 4, 'lambda_1_cut': 0, 'lambda_1_piecewise': 0, 'device': 'cpu', 'accuracy': 0.0001, 'time_limit': 1000, 'evaluations_limit': 100000, 'iterative_finetuning': True, 'max_n_active_parameters': 10, 'lambda_1_finetuning': 0.01, 'seed': 1}
INFO:root:Model parameters: {'degree_input_polynomials': 1, 'degree_output_polynomials': 2, 'functions': ['sqrt'], 'function_names': ['sqrt'], 'width': 1, 'degree_input_denominator': 0, 'degree_output_denominator': 0, 'degree_output_polynomials_specific': [1], 'degree_output_polynomials_denominator_specific': [1], 'enforce_function': False, 'maximal_potence': 3}
INFO:root:Relative l2 distance train: 0.9743554125388129
INFO:root:Relative l2 distance validation: 0.9899044235195946
INFO:root:Training time: 3.7550840377807617
INFO:root:Cumulative training time: 10.768570899963379
INFO:root:Cumulative number of evaluations: 17387
INFO:root:Number parameters: 10
INFO:root:Number parameters active: 10
INFO:root:Number of evaluations: 1785
INFO:root:Training parameters: {'model': 'ParFamTorch', 'maxiter1': 20, 'maxiter2': 0, 'target_noise': 0.0, 'feature_noise': 0.0, 'optimizer': 'bfgs', 'pruning_iterations': 1, 'pruning_cut_off': 0.01, 'classifier': None, 'local_minimizer': 'BFGS', 'maxiter_per_dim_local_minimizer': 50, 'max_dataset_length': 500, 'lambda_1': 0.01, 'repetitions': 1, 'parallel': False, 'n_processes': 4, 'lambda_1_cut': 0, 'lambda_1_piecewise': 0, 'device': 'cpu', 'accuracy': 0.0001, 'time_limit': 1000, 'evaluations_limit': 100000, 'iterative_finetuning': True, 'max_n_active_parameters': 10, 'lambda_1_finetuning': 0.01, 'seed': 1}
INFO:root:Model parameters: {'degree_input_polynomials': 1, 'degree_output_polynomials': 2, 'functions': ['sqrt'], 'function_names': ['sqrt'], 'width': 1, 'degree_input_denominator': 0, 'degree_output_denominator': 0, 'degree_output_polynomials_specific': [1], 'degree_output_polynomials_denominator_specific': [1], 'enforce_function': True, 'maximal_potence': 3}
INFO:root:Relative l2 distance train: 0.9250985676270154
INFO:root:Relative l2 distance validation: 0.936589626499437
INFO:root:Training time: 1.4174349308013916
INFO:root:Cumulative training time: 12.251794338226318
INFO:root:Cumulative number of evaluations: 19172
INFO:root:Number parameters: 35
INFO:root:Number parameters active: 35
INFO:root:Number of evaluations: 3859
INFO:root:Training parameters: {'model': 'ParFamTorch', 'maxiter1': 20, 'maxiter2': 0, 'target_noise': 0.0, 'feature_noise': 0.0, 'optimizer': 'bfgs', 'pruning_iterations': 1, 'pruning_cut_off': 0.01, 'classifier': None, 'local_minimizer': 'BFGS', 'maxiter_per_dim_local_minimizer': 50, 'max_dataset_length': 500, 'lambda_1': 0.01, 'repetitions': 1, 'parallel': False, 'n_processes': 4, 'lambda_1_cut': 0, 'lambda_1_piecewise': 0, 'device': 'cpu', 'accuracy': 0.0001, 'time_limit': 1000, 'evaluations_limit': 100000, 'iterative_finetuning': True, 'max_n_active_parameters': 10, 'lambda_1_finetuning': 0.01, 'seed': 1}
INFO:root:Model parameters: {'degree_input_polynomials': 2, 'degree_output_polynomials': 2, 'functions': ['sqrt'], 'function_names': ['sqrt'], 'width': 1, 'degree_input_denominator': 0, 'degree_output_denominator': 0, 'degree_output_polynomials_specific': [1], 'degree_output_polynomials_denominator_specific': [1], 'enforce_function': False, 'maximal_potence': 3}
INFO:root:Relative l2 distance train: 0.6361569213654231
INFO:root:Relative l2 distance validation: 0.6382337959766835
INFO:root:Training time: 4.032793045043945
INFO:root:Cumulative training time: 16.357890367507935
INFO:root:Cumulative number of evaluations: 23031
INFO:root:New best relative l2 distance validation: 0.6382337959766835
INFO:root:Number parameters: 20
INFO:root:Number parameters active: 20
INFO:root:Number of evaluations: 3000
INFO:root:Training parameters: {'model': 'ParFamTorch', 'maxiter1': 20, 'maxiter2': 0, 'target_noise': 0.0, 'feature_noise': 0.0, 'optimizer': 'bfgs', 'pruning_iterations': 1, 'pruning_cut_off': 0.01, 'classifier': None, 'local_minimizer': 'BFGS', 'maxiter_per_dim_local_minimizer': 50, 'max_dataset_length': 500, 'lambda_1': 0.01, 'repetitions': 1, 'parallel': False, 'n_processes': 4, 'lambda_1_cut': 0, 'lambda_1_piecewise': 0, 'device': 'cpu', 'accuracy': 0.0001, 'time_limit': 1000, 'evaluations_limit': 100000, 'iterative_finetuning': True, 'max_n_active_parameters': 10, 'lambda_1_finetuning': 0.01, 'seed': 1}
INFO:root:Model parameters: {'degree_input_polynomials': 2, 'degree_output_polynomials': 2, 'functions': ['sqrt'], 'function_names': ['sqrt'], 'width': 1, 'degree_input_denominator': 0, 'degree_output_denominator': 0, 'degree_output_polynomials_specific': [1], 'degree_output_polynomials_denominator_specific': [1], 'enforce_function': True, 'maximal_potence': 3}
INFO:root:Relative l2 distance train: 0.6430349552652941
INFO:root:Relative l2 distance validation: 0.645207304787369
INFO:root:Training time: 2.268596887588501
INFO:root:Cumulative training time: 18.736644983291626
INFO:root:Cumulative number of evaluations: 26031
INFO:root:Time for multiprocessing in total: 18.740776538848877
INFO:root:Best distance (train, val, test): (tensor(0.6362, dtype=torch.float64), tensor(0.6382, dtype=torch.float64), tensor(0.6229, dtype=torch.float64))
INFO:root:Best formula: 0.001*x0**2 + 6.111*x0*sqrt(Abs(-0.004*x0**2 + 3.011*x0*x1 + 0.806*x0*x2 + 0.001*x0 + 0.134*x1**2 + 4.444*x1*x2 + 0.001*x1 + 0.002*x2**2 + 0.001*x2 - 2.476*x3**2)) + 0.001*x1*x3 + 13.191*x1*sqrt(Abs(-0.004*x0**2 + 3.011*x0*x1 + 0.806*x0*x2 + 0.001*x0 + 0.134*x1**2 + 4.444*x1*x2 + 0.001*x1 + 0.002*x2**2 + 0.001*x2 - 2.476*x3**2)) + 2.287*x2*sqrt(Abs(-0.004*x0**2 + 3.011*x0*x1 + 0.806*x0*x2 + 0.001*x0 + 0.134*x1**2 + 4.444*x1*x2 + 0.001*x1 + 0.002*x2**2 + 0.001*x2 - 2.476*x3**2)) best training time: 4.032793045043945
INFO:root:Target formula: 2*E_n*d**2*k/(h/(2*pi))
INFO:root:Estimated formula: 0.001*x0**2 + 6.111*x0*sqrt(Abs(-0.004*x0**2 + 3.011*x0*x1 + 0.806*x0*x2 + 0.001*x0 + 0.134*x1**2 + 4.444*x1*x2 + 0.001*x1 + 0.002*x2**2 + 0.001*x2 - 2.476*x3**2)) + 0.001*x1*x3 + 13.191*x1*sqrt(Abs(-0.004*x0**2 + 3.011*x0*x1 + 0.806*x0*x2 + 0.001*x0 + 0.134*x1**2 + 4.444*x1*x2 + 0.001*x1 + 0.002*x2**2 + 0.001*x2 - 2.476*x3**2)) + 2.287*x2*sqrt(Abs(-0.004*x0**2 + 3.011*x0*x1 + 0.806*x0*x2 + 0.001*x0 + 0.134*x1**2 + 4.444*x1*x2 + 0.001*x1 + 0.002*x2**2 + 0.001*x2 - 2.476*x3**2)), Training time: 18.740776538848877
INFO:root:Relative L2 distance train: 0.6361569213654231, validation: 0.6382337959766835
INFO:root:R squared validation: 0.599617983623633
INFO:root:Number of active coefficients: 35
INFO:root:Number of evaluations in total: 26031
INFO:root:Finished the experiment on 20240522_160036
