INFO:root:Starting the logger.
INFO:root:##########1 out of 10 datasets: 1027_ESL##########
INFO:root:Time: 20240710_120336
INFO:root:Feature shape: (488, 4), target shape: (488,)
INFO:root:###1 out of 1 Hyperparameter combinations ###
INFO:root:Training parameters: {'normalization': False, 'time_limit': 4800, 'evaluations_limit': 1000000, 'max_dataset_length': 500, 'model': 'ParFamTorch', 'target_noise': 0.0, 'feature_noise': 0.0, 'seed': 1234, 'maxiter1': 50, 'maxiter2': 0, 'optimizer': 'basinhopping', 'pruning_iterations': 1, 'pruning_cut_off': 0.01, 'classifier': None, 'local_minimizer': 'BFGS', 'maxiter_per_dim_local_minimizer': 100, 'lambda_1': 0.001, 'repetitions': 1, 'parallel': False, 'n_processes': 4, 'lambda_1_cut': 0, 'lambda_1_piecewise': 0.0, 'device': 'cpu', 'accuracy': 0.0001, 'iterative_finetuning': True, 'max_n_active_parameters': 10, 'lambda_1_finetuning': 1e-05, 'path_pretrained': 'Flexible dimension/full_19_big_training_sets/20240427_070711_5M/Datetime_20240427_070717_Loss_training_set_size_797545_batch_size_341_hidden_dim_256.pt', 'topk_predictions': 3, 'enforce_function_iterate': 'Both', 'procs': 6, 'populations': 6, 'population_size': 50, 'ncycles_per_iteration': 500, 'max_size': 50, 'max_depth': 10, 'accuracy_udsr': 1e-08, 'iterations_udsr': 10000000, 'aif_nn_epochs': 4000, 'bf_try_time': 60, 'bf_ops_file_type': '19ops', 'polyfit_deg': 4, 'max_input_points': 200, 'max_number_bags': -1, 'n_trees_to_refine': 100}
INFO:root:Sequential computation
INFO:root:Model parameters: {'degree_input_polynomials': 0, 'degree_output_polynomials': 4, 'degree_output_denominator': 0, 'degree_input_denominator': 0, 'function_names': [], 'width': 1, 'functions': [], 'degree_output_polynomials_specific': None, 'degree_output_polynomials_denominator_specific': None, 'enforce_function': False, 'maximal_potence': 3}
INFO:root:Number parameters: 66
INFO:root:Number parameters active: 66
INFO:root:Number of evaluations: 1393
INFO:root:Relative l2 distance train: 0.31897485927371744
INFO:root:Relative l2 distance validation: 0.35268903011914676
INFO:root:Training time: 3.88856840133667
INFO:root:Cumulative training time: 3.9217429161071777
INFO:root:Cumulative number of evaluations: 1393
INFO:root:New best relative l2 distance validation: 0.35268903011914676
INFO:root:Model parameters: {'degree_input_polynomials': 0, 'degree_output_polynomials': 1, 'degree_output_denominator': 1, 'degree_input_denominator': 0, 'functions': [], 'function_names': [], 'width': 1, 'degree_output_polynomials_specific': None, 'degree_output_polynomials_denominator_specific': None, 'enforce_function': False, 'maximal_potence': 3}
INFO:root:Number parameters: 10
INFO:root:Number parameters active: 10
INFO:root:Number of evaluations: 1194
INFO:root:Relative l2 distance train: 0.3792130208180846
INFO:root:Relative l2 distance validation: 0.3015264442942492
INFO:root:Training time: 1.8493187427520752
INFO:root:Cumulative training time: 5.781005382537842
INFO:root:Cumulative number of evaluations: 2587
INFO:root:New best relative l2 distance validation: 0.3015264442942492
INFO:root:Model parameters: {'degree_input_polynomials': 0, 'degree_output_polynomials': 2, 'degree_output_denominator': 1, 'degree_input_denominator': 0, 'functions': [], 'function_names': [], 'width': 1, 'degree_output_polynomials_specific': None, 'degree_output_polynomials_denominator_specific': None, 'enforce_function': False, 'maximal_potence': 3}
INFO:root:Number parameters: 20
INFO:root:Number parameters active: 20
INFO:root:Number of evaluations: 2295
INFO:root:Relative l2 distance train: 0.36077474109378044
INFO:root:Relative l2 distance validation: 0.3178836421037246
INFO:root:Training time: 3.9321506023406982
INFO:root:Cumulative training time: 9.722205400466919
INFO:root:Cumulative number of evaluations: 4882
INFO:root:Model parameters: {'degree_input_polynomials': 0, 'degree_output_polynomials': 3, 'degree_output_denominator': 1, 'degree_input_denominator': 0, 'functions': [], 'function_names': [], 'width': 1, 'degree_output_polynomials_specific': None, 'degree_output_polynomials_denominator_specific': None, 'enforce_function': False, 'maximal_potence': 3}
INFO:root:Number parameters: 40
INFO:root:Number parameters active: 40
INFO:root:Number of evaluations: 1681
INFO:root:Relative l2 distance train: 0.33259907580320913
INFO:root:Relative l2 distance validation: 0.3160018016512729
INFO:root:Training time: 3.486691951751709
INFO:root:Cumulative training time: 13.224389791488647
INFO:root:Cumulative number of evaluations: 6563
INFO:root:Model parameters: {'degree_input_polynomials': 0, 'degree_output_polynomials': 4, 'degree_output_denominator': 1, 'degree_input_denominator': 0, 'functions': [], 'function_names': [], 'width': 1, 'degree_output_polynomials_specific': None, 'degree_output_polynomials_denominator_specific': None, 'enforce_function': False, 'maximal_potence': 3}
INFO:root:Number parameters: 71
INFO:root:Number parameters active: 71
INFO:root:Number of evaluations: 2441
INFO:root:Relative l2 distance train: 0.3322768189881658
INFO:root:Relative l2 distance validation: 0.3102050316271674
INFO:root:Training time: 6.515233278274536
INFO:root:Cumulative training time: 19.765886783599854
INFO:root:Cumulative number of evaluations: 9004
INFO:root:Model parameters: {'degree_input_polynomials': 0, 'degree_output_polynomials': 1, 'degree_output_denominator': 2, 'degree_input_denominator': 0, 'functions': [], 'function_names': [], 'width': 1, 'degree_output_polynomials_specific': None, 'degree_output_polynomials_denominator_specific': None, 'enforce_function': False, 'maximal_potence': 3}
INFO:root:Number parameters: 20
INFO:root:Number parameters active: 20
INFO:root:Number of evaluations: 2015
INFO:root:Relative l2 distance train: 0.36075278816527345
INFO:root:Relative l2 distance validation: 0.3130659692872182
INFO:root:Training time: 3.4992432594299316
INFO:root:Cumulative training time: 23.283657789230347
INFO:root:Cumulative number of evaluations: 11019
INFO:root:Model parameters: {'degree_input_polynomials': 0, 'degree_output_polynomials': 2, 'degree_output_denominator': 2, 'degree_input_denominator': 0, 'functions': [], 'function_names': [], 'width': 1, 'degree_output_polynomials_specific': None, 'degree_output_polynomials_denominator_specific': None, 'enforce_function': False, 'maximal_potence': 3}
INFO:root:Number parameters: 30
INFO:root:Number parameters active: 30
INFO:root:Number of evaluations: 2571
INFO:root:Relative l2 distance train: 0.40949269440099256
INFO:root:Relative l2 distance validation: 0.32389558949942426
INFO:root:Training time: 4.747538805007935
INFO:root:Cumulative training time: 28.04504919052124
INFO:root:Cumulative number of evaluations: 13590
INFO:root:Model parameters: {'degree_input_polynomials': 0, 'degree_output_polynomials': 3, 'degree_output_denominator': 2, 'degree_input_denominator': 0, 'functions': [], 'function_names': [], 'width': 1, 'degree_output_polynomials_specific': None, 'degree_output_polynomials_denominator_specific': None, 'enforce_function': False, 'maximal_potence': 3}
INFO:root:Number parameters: 50
INFO:root:Number parameters active: 50
INFO:root:Number of evaluations: 2217
INFO:root:Relative l2 distance train: 0.32424743793155725
INFO:root:Relative l2 distance validation: 0.3098769322700214
INFO:root:Training time: 4.985169410705566
INFO:root:Cumulative training time: 33.046391248703
INFO:root:Cumulative number of evaluations: 15807
INFO:root:Model parameters: {'degree_input_polynomials': 0, 'degree_output_polynomials': 4, 'degree_output_denominator': 2, 'degree_input_denominator': 0, 'functions': [], 'function_names': [], 'width': 1, 'degree_output_polynomials_specific': None, 'degree_output_polynomials_denominator_specific': None, 'enforce_function': False, 'maximal_potence': 3}
INFO:root:Number parameters: 81
INFO:root:Number parameters active: 81
INFO:root:Number of evaluations: 2005
INFO:root:Relative l2 distance train: 0.3469597921699339
INFO:root:Relative l2 distance validation: 0.3035672771450238
INFO:root:Training time: 5.731229305267334
INFO:root:Cumulative training time: 38.80744791030884
INFO:root:Cumulative number of evaluations: 17812
INFO:root:Model parameters: {'degree_input_polynomials': 0, 'degree_output_polynomials': 1, 'degree_output_denominator': 3, 'degree_input_denominator': 0, 'functions': [], 'function_names': [], 'width': 1, 'degree_output_polynomials_specific': None, 'degree_output_polynomials_denominator_specific': None, 'enforce_function': False, 'maximal_potence': 3}
INFO:root:Number parameters: 40
INFO:root:Number parameters active: 40
