INFO:root:Starting the logger.
INFO:root:Using cpu.
INFO:root:############### Starting experiment with config file debug.ini ###############
INFO:root:######## Starting with training set size 100 out of [100, 1000] now. ########
INFO:root:Creating the dataset took 0.569s.
INFO:root:###### Starting with 50 hidden neurons out of [50] now. ######
INFO:root:#### Starting with 5 batches out of [5] now. ####
INFO:root:Batch size: 20
INFO:root:[  100] Training loss: 0.48854829, Validation loss: 0.64023417
INFO:root:[  200] Training loss: 0.34260052, Validation loss: 0.66517889
INFO:root:[  300] Training loss: 0.24241906, Validation loss: 0.75052941
INFO:root:[  400] Training loss: 0.17471234, Validation loss: 0.89036089
INFO:root:[  500] Training loss: 0.12533239, Validation loss: 1.06185067
INFO:root:[  600] Training loss: 0.08973663, Validation loss: 1.26709116
INFO:root:[  700] Training loss: 0.06441809, Validation loss: 1.50505602
INFO:root:[  800] Training loss: 0.04603977, Validation loss: 1.75130725
INFO:root:[  900] Training loss: 0.03255426, Validation loss: 1.99306941
INFO:root:[ 1000] Training loss: 0.02280769, Validation loss: 2.86721754
INFO:root:Training the model took 2.634s.
INFO:root:Precision score (training data): 1.0
INFO:root:Recall score (training data): 0.99323
INFO:root:F1 score (training data): 0.9966
INFO:root:Precision score (test data): 0.61165
INFO:root:Recall score (test data): 0.49046
INFO:root:F1 score (test data): 0.54439
INFO:root:Covering score (training data) (quantile cutoff): 0.76
INFO:root:Complete cover size (training data) (quantile cutoff): 0.35931174089068824
INFO:root:Covering score (test data) (quantile cutoff): 0.1657
INFO:root:Complete cover size (test data) (quantile cutoff): 0.31795181282206025
INFO:root:Covering score (training data) (0.5 cutoff): 0.99
INFO:root:Complete cover size (training data) (0.5 cutoff): 0.34032634032634035
INFO:root:Covering score (test data) (0.5 cutoff): 0.1578
INFO:root:Complete cover size (test data) (0.5 cutoff): 0.31349322413961195
INFO:root:MSE (test data): 0.26012
INFO:root:BCE (test data): 3.38204
INFO:root:######## Starting with training set size 1000 out of [100, 1000] now. ########
INFO:root:Creating the dataset took 0.636s.
INFO:root:###### Starting with 50 hidden neurons out of [50] now. ######
INFO:root:#### Starting with 5 batches out of [5] now. ####
INFO:root:Batch size: 200
INFO:root:[  100] Training loss: 0.55795987, Validation loss: 0.68429744
INFO:root:[  200] Training loss: 0.46885322, Validation loss: 0.79289728
INFO:root:[  300] Training loss: 0.40093691, Validation loss: 0.88996065
INFO:root:[  400] Training loss: 0.35434152, Validation loss: 1.01182365
INFO:root:[  500] Training loss: 0.32005119, Validation loss: 1.75545907
INFO:root:[  600] Training loss: 0.29315732, Validation loss: 1.88629973
INFO:root:[  700] Training loss: 0.27071813, Validation loss: 2.01023173
INFO:root:[  800] Training loss: 0.25131070, Validation loss: 2.14361334
INFO:root:[  900] Training loss: 0.23431107, Validation loss: 2.91157675
INFO:root:[ 1000] Training loss: 0.21945331, Validation loss: 3.03679943
INFO:root:Training the model took 2.785s.
INFO:root:Precision score (training data): 0.90586
INFO:root:Recall score (training data): 0.86228
INFO:root:F1 score (training data): 0.88353
INFO:root:Precision score (test data): 0.64426
INFO:root:Recall score (test data): 0.59358
INFO:root:F1 score (test data): 0.61788
INFO:root:Covering score (training data) (quantile cutoff): 0.476
INFO:root:Complete cover size (training data) (quantile cutoff): 0.3695862960568843
INFO:root:Covering score (test data) (quantile cutoff): 0.1761
INFO:root:Complete cover size (test data) (quantile cutoff): 0.33197920761804917
INFO:root:Covering score (training data) (0.5 cutoff): 0.645
INFO:root:Complete cover size (training data) (0.5 cutoff): 0.3827072152653548
INFO:root:Covering score (test data) (0.5 cutoff): 0.2385
INFO:root:Complete cover size (test data) (0.5 cutoff): 0.35749072730204806
INFO:root:MSE (test data): 0.21299
INFO:root:BCE (test data): 1.36684
