INFO:root:Starting the logger.
INFO:root:Using cpu.
INFO:root:############### Starting experiment with config file train_local.ini ###############
INFO:root:######## Starting with training set size 100000 out of [100000] now. ########
INFO:root:Creating the dataset took 11.255s.
INFO:root:###### Starting with 100 hidden neurons out of [100, 200] now. ######
INFO:root:#### Starting with 100 batches out of [100] now. ####
INFO:root:Batch size: 1000
INFO:root:[  100] Training loss: 0.28334852, Validation loss: 0.28513187
INFO:root:[  200] Training loss: 0.24213680, Validation loss: 0.25569850
INFO:root:[  300] Training loss: 0.22538448, Validation loss: 0.24563006
INFO:root:[  400] Training loss: 0.21512036, Validation loss: 0.24333215
INFO:root:[  500] Training loss: 0.20714608, Validation loss: 0.23740731
INFO:root:[  600] Training loss: 0.20163021, Validation loss: 0.23750360
INFO:root:[  700] Training loss: 0.19624834, Validation loss: 0.23494403
INFO:root:[  800] Training loss: 0.19166976, Validation loss: 0.23493271
INFO:root:[  900] Training loss: 0.18840801, Validation loss: 0.23525165
INFO:root:[ 1000] Training loss: 0.18489813, Validation loss: 0.23924147
INFO:root:[ 1100] Training loss: 0.18135535, Validation loss: 0.24298523
INFO:root:[ 1200] Training loss: 0.17924499, Validation loss: 0.24310558
INFO:root:[ 1300] Training loss: 0.17684842, Validation loss: 0.23940240
INFO:root:[ 1400] Training loss: 0.17428279, Validation loss: 0.23688546
INFO:root:[ 1500] Training loss: 0.17304395, Validation loss: 0.23861986
INFO:root:[ 1600] Training loss: 0.17112505, Validation loss: 0.24023108
INFO:root:[ 1700] Training loss: 0.16951704, Validation loss: 0.23759933
INFO:root:[ 1800] Training loss: 0.16729386, Validation loss: 0.24037422
INFO:root:[ 1900] Training loss: 0.16602128, Validation loss: 0.23927389
INFO:root:[ 2000] Training loss: 0.16495107, Validation loss: 0.23883979
INFO:root:Training the model took 871.129s.
INFO:root:Precision score (training data): 0.90633
INFO:root:Recall score (training data): 0.84018
INFO:root:F1 score (training data): 0.872
INFO:root:Precision score (test data): 0.8649
INFO:root:Recall score (test data): 0.79739
INFO:root:F1 score (test data): 0.82978
INFO:root:Covering score (training data) (quantile cutoff): 0.82913
INFO:root:Complete cover size (training data) (quantile cutoff): 0.29024140622442457
INFO:root:Covering score (test data) (quantile cutoff): 0.7677
INFO:root:Complete cover size (test data) (quantile cutoff): 0.28019687750051175
INFO:root:Covering score (training data) (0.5 cutoff): 0.65508
INFO:root:Complete cover size (training data) (0.5 cutoff): 0.21790141225935328
INFO:root:Covering score (test data) (0.5 cutoff): 0.6078
INFO:root:Complete cover size (test data) (0.5 cutoff): 0.20530719691627886
INFO:root:MSE (test data): 0.06165
INFO:root:BCE (test data): 0.24956
INFO:root:###### Starting with 200 hidden neurons out of [100, 200] now. ######
INFO:root:#### Starting with 100 batches out of [100] now. ####
INFO:root:Batch size: 1000
