INFO:root:Starting the logger.
INFO:root:##########1 out of 3 datasets: feynman_III_10_19##########
INFO:root:Time: 20240522_170604
INFO:root:Feature shape: (100000, 4), target shape: (100000,)
INFO:root:###1 out of 1 Hyperparameter combinations ###
INFO:root:Training parameters: {'normalization': False, 'time_limit': 48, 'evaluations_limit': 1000000, 'max_dataset_length': 500, 'model': 'ParFamTorch', 'target_noise': 0.0, 'feature_noise': 0.0, 'seed': 12345, 'accuracy': 0.0001, 'maxiter1': 10, 'maxiter2': 0, 'optimizer': 'basinhopping', 'pruning_iterations': 1, 'pruning_cut_off': 0.01, 'classifier': None, 'local_minimizer': 'BFGS', 'maxiter_per_dim_local_minimizer': 100, 'lambda_1': 0.001, 'repetitions': 1, 'parallel': False, 'n_processes': 4, 'lambda_1_cut': 0, 'lambda_1_piecewise': 0, 'device': 'cpu', 'iterative_finetuning': True, 'max_n_active_parameters': 10, 'lambda_1_finetuning': 1e-05, 'path_pretrained': 'Flexible dimension/full_19_big_training_sets/20240427_070711_5M/Datetime_20240427_070717_Loss_training_set_size_797545_batch_size_341_hidden_dim_256.pt', 'topk_predictions': 10, 'enforce_function_iterate': 'False', 'procs': 6, 'populations': 6, 'population_size': 50, 'ncycles_per_iteration': 500, 'max_size': 50, 'max_depth': 10, 'iterations_udsr': 50000, 'accuracy_udsr': 1e-08, 'aif_nn_epochs': 60, 'bf_try_time': 4, 'bf_ops_file_type': '10ops', 'polyfit_deg': 3, 'max_input_points': 200, 'max_number_bags': 100, 'n_trees_to_refine': 100}
INFO:root:Sequential computation
INFO:root:Model parameters: {'degree_input_polynomials': 0, 'degree_output_polynomials': 4, 'degree_output_denominator': 0, 'degree_input_denominator': 0, 'function_names': [], 'width': 1, 'functions': [], 'degree_output_polynomials_specific': None, 'degree_output_polynomials_denominator_specific': None, 'enforce_function': False, 'maximal_potence': 3}
INFO:root:Number parameters: 66
INFO:root:Number parameters active: 66
INFO:root:Number of evaluations: 508
INFO:root:Relative l2 distance train: 0.002652477111180142
INFO:root:Relative l2 distance validation: 0.0031935821064184035
INFO:root:Training time: 0.3462989330291748
INFO:root:Cumulative training time: 0.49353528022766113
INFO:root:Cumulative number of evaluations: 508
INFO:root:New best relative l2 distance validation: 0.0031935821064184035
INFO:root:Model parameters: {'degree_input_polynomials': 0, 'degree_output_polynomials': 1, 'degree_output_denominator': 1, 'degree_input_denominator': 0, 'functions': [], 'function_names': [], 'width': 1, 'degree_output_polynomials_specific': None, 'degree_output_polynomials_denominator_specific': None, 'enforce_function': False, 'maximal_potence': 3}
INFO:root:Number parameters: 10
INFO:root:Number parameters active: 10
INFO:root:Number of evaluations: 634
